This is pdfTeX, Version 3.141592653-2.6-1.40.23 (TeX Live 2021/W32TeX) (preloaded format=pdflatex 2021.11.24)  26 NOV 2021 17:23
entering extended mode
 restricted \write18 enabled.
 %&-line parsing enabled.
**GSOCseq_TM.tex
(./GSOCseq_TM.tex
LaTeX2e <2021-11-15>
L3 programming layer <2021-11-22> (c:/Users/Mainka/AppData/Roaming/TinyTeX/texmf-dist/tex/latex/base/book.cls
Document Class: book 2021/10/04 v1.4n Standard LaTeX document class
(c:/Users/Mainka/AppData/Roaming/TinyTeX/texmf-dist/tex/latex/base/bk10.clo
File: bk10.clo 2021/10/04 v1.4n Standard LaTeX file (size option)
)
\c@part=\count183
\c@chapter=\count184
\c@section=\count185
\c@subsection=\count186
\c@subsubsection=\count187
\c@paragraph=\count188
\c@subparagraph=\count189
\c@figure=\count190
\c@table=\count191
\abovecaptionskip=\skip47
\belowcaptionskip=\skip48
\bibindent=\dimen138
) (c:/Users/Mainka/AppData/Roaming/TinyTeX/texmf-dist/tex/latex/amsmath/amsmath.sty
Package: amsmath 2021/10/15 v2.17l AMS math features
\@mathmargin=\skip49
For additional information on amsmath, use the `?' option.
(c:/Users/Mainka/AppData/Roaming/TinyTeX/texmf-dist/tex/latex/amsmath/amstext.sty
Package: amstext 2021/08/26 v2.01 AMS text
(c:/Users/Mainka/AppData/Roaming/TinyTeX/texmf-dist/tex/latex/amsmath/amsgen.sty
File: amsgen.sty 1999/11/30 v2.0 generic functions
\@emptytoks=\toks16
\ex@=\dimen139
)) (c:/Users/Mainka/AppData/Roaming/TinyTeX/texmf-dist/tex/latex/amsmath/amsbsy.sty
Package: amsbsy 1999/11/29 v1.2d Bold Symbols
\pmbraise@=\dimen140
) (c:/Users/Mainka/AppData/Roaming/TinyTeX/texmf-dist/tex/latex/amsmath/amsopn.sty
Package: amsopn 2021/08/26 v2.02 operator names
)
\inf@bad=\count192
LaTeX Info: Redefining \frac on input line 234.
\uproot@=\count193
\leftroot@=\count194
LaTeX Info: Redefining \overline on input line 399.
\classnum@=\count195
\DOTSCASE@=\count196
LaTeX Info: Redefining \ldots on input line 496.
LaTeX Info: Redefining \dots on input line 499.
LaTeX Info: Redefining \cdots on input line 620.
\Mathstrutbox@=\box50
\strutbox@=\box51
\big@size=\dimen141
LaTeX Font Info:    Redeclaring font encoding OML on input line 743.
LaTeX Font Info:    Redeclaring font encoding OMS on input line 744.
\macc@depth=\count197
\c@MaxMatrixCols=\count198
\dotsspace@=\muskip16
\c@parentequation=\count199
\dspbrk@lvl=\count266
\tag@help=\toks17
\row@=\count267
\column@=\count268
\maxfields@=\count269
\andhelp@=\toks18
\eqnshift@=\dimen142
\alignsep@=\dimen143
\tagshift@=\dimen144
\tagwidth@=\dimen145
\totwidth@=\dimen146
\lineht@=\dimen147
\@envbody=\toks19
\multlinegap=\skip50
\multlinetaggap=\skip51
\mathdisplay@stack=\toks20
LaTeX Info: Redefining \[ on input line 2938.
LaTeX Info: Redefining \] on input line 2939.
) (c:/Users/Mainka/AppData/Roaming/TinyTeX/texmf-dist/tex/latex/amsfonts/amssymb.sty
Package: amssymb 2013/01/14 v3.01 AMS font symbols
(c:/Users/Mainka/AppData/Roaming/TinyTeX/texmf-dist/tex/latex/amsfonts/amsfonts.sty
Package: amsfonts 2013/01/14 v3.01 Basic AMSFonts support
\symAMSa=\mathgroup4
\symAMSb=\mathgroup5
LaTeX Font Info:    Redeclaring math symbol \hbar on input line 98.
LaTeX Font Info:    Overwriting math alphabet `\mathfrak' in version `bold'
(Font)                  U/euf/m/n --> U/euf/b/n on input line 106.
)) (c:/Users/Mainka/AppData/Roaming/TinyTeX/texmf-dist/tex/latex/lm/lmodern.sty
Package: lmodern 2015/05/01 v1.6.1 Latin Modern Fonts
LaTeX Font Info:    Overwriting symbol font `operators' in version `normal'
(Font)                  OT1/cmr/m/n --> OT1/lmr/m/n on input line 22.
LaTeX Font Info:    Overwriting symbol font `letters' in version `normal'
(Font)                  OML/cmm/m/it --> OML/lmm/m/it on input line 23.
LaTeX Font Info:    Overwriting symbol font `symbols' in version `normal'
(Font)                  OMS/cmsy/m/n --> OMS/lmsy/m/n on input line 24.
LaTeX Font Info:    Overwriting symbol font `largesymbols' in version `normal'
(Font)                  OMX/cmex/m/n --> OMX/lmex/m/n on input line 25.
LaTeX Font Info:    Overwriting symbol font `operators' in version `bold'
(Font)                  OT1/cmr/bx/n --> OT1/lmr/bx/n on input line 26.
LaTeX Font Info:    Overwriting symbol font `letters' in version `bold'
(Font)                  OML/cmm/b/it --> OML/lmm/b/it on input line 27.
LaTeX Font Info:    Overwriting symbol font `symbols' in version `bold'
(Font)                  OMS/cmsy/b/n --> OMS/lmsy/b/n on input line 28.
LaTeX Font Info:    Overwriting symbol font `largesymbols' in version `bold'
(Font)                  OMX/cmex/m/n --> OMX/lmex/m/n on input line 29.
LaTeX Font Info:    Overwriting math alphabet `\mathbf' in version `normal'
(Font)                  OT1/cmr/bx/n --> OT1/lmr/bx/n on input line 31.
LaTeX Font Info:    Overwriting math alphabet `\mathsf' in version `normal'
(Font)                  OT1/cmss/m/n --> OT1/lmss/m/n on input line 32.
LaTeX Font Info:    Overwriting math alphabet `\mathit' in version `normal'
(Font)                  OT1/cmr/m/it --> OT1/lmr/m/it on input line 33.
LaTeX Font Info:    Overwriting math alphabet `\mathtt' in version `normal'
(Font)                  OT1/cmtt/m/n --> OT1/lmtt/m/n on input line 34.
LaTeX Font Info:    Overwriting math alphabet `\mathbf' in version `bold'
(Font)                  OT1/cmr/bx/n --> OT1/lmr/bx/n on input line 35.
LaTeX Font Info:    Overwriting math alphabet `\mathsf' in version `bold'
(Font)                  OT1/cmss/bx/n --> OT1/lmss/bx/n on input line 36.
LaTeX Font Info:    Overwriting math alphabet `\mathit' in version `bold'
(Font)                  OT1/cmr/bx/it --> OT1/lmr/bx/it on input line 37.
LaTeX Font Info:    Overwriting math alphabet `\mathtt' in version `bold'
(Font)                  OT1/cmtt/m/n --> OT1/lmtt/m/n on input line 38.
) (c:/Users/Mainka/AppData/Roaming/TinyTeX/texmf-dist/tex/generic/iftex/iftex.sty
Package: iftex 2020/03/06 v1.0d TeX engine tests
) (c:/Users/Mainka/AppData/Roaming/TinyTeX/texmf-dist/tex/latex/base/fontenc.sty
Package: fontenc 2021/04/29 v2.0v Standard LaTeX package
LaTeX Font Info:    Trying to load font information for T1+lmr on input line 112.
(c:/Users/Mainka/AppData/Roaming/TinyTeX/texmf-dist/tex/latex/lm/t1lmr.fd
File: t1lmr.fd 2015/05/01 v1.6.1 Font defs for Latin Modern
)) (c:/Users/Mainka/AppData/Roaming/TinyTeX/texmf-dist/tex/latex/base/inputenc.sty
Package: inputenc 2021/02/14 v1.3d Input encoding file
\inpenc@prehook=\toks21
\inpenc@posthook=\toks22
) (c:/Users/Mainka/AppData/Roaming/TinyTeX/texmf-dist/tex/latex/base/textcomp.sty
Package: textcomp 2020/02/02 v2.0n Standard LaTeX package
) (c:/Users/Mainka/AppData/Roaming/TinyTeX/texmf-dist/tex/latex/xcolor/xcolor.sty
Package: xcolor 2021/10/31 v2.13 LaTeX color extensions (UK)
(c:/Users/Mainka/AppData/Roaming/TinyTeX/texmf-dist/tex/latex/graphics-cfg/color.cfg
File: color.cfg 2016/01/02 v1.6 sample color configuration
)
Package xcolor Info: Driver file: pdftex.def on input line 227.
(c:/Users/Mainka/AppData/Roaming/TinyTeX/texmf-dist/tex/latex/graphics-def/pdftex.def
File: pdftex.def 2020/10/05 v1.2a Graphics/color driver for pdftex
)
Package xcolor Info: Model `cmy' substituted by `cmy0' on input line 1352.
Package xcolor Info: Model `hsb' substituted by `rgb' on input line 1356.
Package xcolor Info: Model `RGB' extended on input line 1368.
Package xcolor Info: Model `HTML' substituted by `rgb' on input line 1370.
Package xcolor Info: Model `Hsb' substituted by `hsb' on input line 1371.
Package xcolor Info: Model `tHsb' substituted by `hsb' on input line 1372.
Package xcolor Info: Model `HSB' substituted by `hsb' on input line 1373.
Package xcolor Info: Model `Gray' substituted by `gray' on input line 1374.
Package xcolor Info: Model `wave' substituted by `hsb' on input line 1375.
) (c:/Users/Mainka/AppData/Roaming/TinyTeX/texmf-dist/tex/latex/hyperref/hyperref.sty
Package: hyperref 2021-06-07 v7.00m Hypertext links for LaTeX
(c:/Users/Mainka/AppData/Roaming/TinyTeX/texmf-dist/tex/generic/ltxcmds/ltxcmds.sty
Package: ltxcmds 2020-05-10 v1.25 LaTeX kernel commands for general use (HO)
) (c:/Users/Mainka/AppData/Roaming/TinyTeX/texmf-dist/tex/generic/pdftexcmds/pdftexcmds.sty
Package: pdftexcmds 2020-06-27 v0.33 Utility functions of pdfTeX for LuaTeX (HO)
(c:/Users/Mainka/AppData/Roaming/TinyTeX/texmf-dist/tex/generic/infwarerr/infwarerr.sty
Package: infwarerr 2019/12/03 v1.5 Providing info/warning/error messages (HO)
)
Package pdftexcmds Info: \pdf@primitive is available.
Package pdftexcmds Info: \pdf@ifprimitive is available.
Package pdftexcmds Info: \pdfdraftmode found.
) (c:/Users/Mainka/AppData/Roaming/TinyTeX/texmf-dist/tex/latex/graphics/keyval.sty
Package: keyval 2014/10/28 v1.15 key=value parser (DPC)
\KV@toks@=\toks23
) (c:/Users/Mainka/AppData/Roaming/TinyTeX/texmf-dist/tex/generic/kvsetkeys/kvsetkeys.sty
Package: kvsetkeys 2019/12/15 v1.18 Key value parser (HO)
) (c:/Users/Mainka/AppData/Roaming/TinyTeX/texmf-dist/tex/generic/kvdefinekeys/kvdefinekeys.sty
Package: kvdefinekeys 2019-12-19 v1.6 Define keys (HO)
) (c:/Users/Mainka/AppData/Roaming/TinyTeX/texmf-dist/tex/generic/pdfescape/pdfescape.sty
Package: pdfescape 2019/12/09 v1.15 Implements pdfTeX's escape features (HO)
) (c:/Users/Mainka/AppData/Roaming/TinyTeX/texmf-dist/tex/latex/hycolor/hycolor.sty
Package: hycolor 2020-01-27 v1.10 Color options for hyperref/bookmark (HO)
) (c:/Users/Mainka/AppData/Roaming/TinyTeX/texmf-dist/tex/latex/letltxmacro/letltxmacro.sty
Package: letltxmacro 2019/12/03 v1.6 Let assignment for LaTeX macros (HO)
) (c:/Users/Mainka/AppData/Roaming/TinyTeX/texmf-dist/tex/latex/auxhook/auxhook.sty
Package: auxhook 2019-12-17 v1.6 Hooks for auxiliary files (HO)
) (c:/Users/Mainka/AppData/Roaming/TinyTeX/texmf-dist/tex/latex/kvoptions/kvoptions.sty
Package: kvoptions 2020-10-07 v3.14 Key value format for package options (HO)
)
\@linkdim=\dimen148
\Hy@linkcounter=\count270
\Hy@pagecounter=\count271
(c:/Users/Mainka/AppData/Roaming/TinyTeX/texmf-dist/tex/latex/hyperref/pd1enc.def
File: pd1enc.def 2021-06-07 v7.00m Hyperref: PDFDocEncoding definition (HO)
Now handling font encoding PD1 ...
... no UTF-8 mapping file for font encoding PD1
) (c:/Users/Mainka/AppData/Roaming/TinyTeX/texmf-dist/tex/latex/hyperref/hyperref-langpatches.def
File: hyperref-langpatches.def 2021-06-07 v7.00m Hyperref: patches for babel languages
) (c:/Users/Mainka/AppData/Roaming/TinyTeX/texmf-dist/tex/generic/intcalc/intcalc.sty
Package: intcalc 2019/12/15 v1.3 Expandable calculations with integers (HO)
) (c:/Users/Mainka/AppData/Roaming/TinyTeX/texmf-dist/tex/generic/etexcmds/etexcmds.sty
Package: etexcmds 2019/12/15 v1.7 Avoid name clashes with e-TeX commands (HO)
)
\Hy@SavedSpaceFactor=\count272
(c:/Users/Mainka/AppData/Roaming/TinyTeX/texmf-dist/tex/latex/hyperref/puenc.def
File: puenc.def 2021-06-07 v7.00m Hyperref: PDF Unicode definition (HO)
Now handling font encoding PU ...
... no UTF-8 mapping file for font encoding PU
)
Package hyperref Info: Option `unicode' set `true' on input line 4073.
Package hyperref Info: Hyper figures OFF on input line 4192.
Package hyperref Info: Link nesting OFF on input line 4197.
Package hyperref Info: Hyper index ON on input line 4200.
Package hyperref Info: Plain pages OFF on input line 4207.
Package hyperref Info: Backreferencing OFF on input line 4212.
Package hyperref Info: Implicit mode ON; LaTeX internals redefined.
Package hyperref Info: Bookmarks ON on input line 4445.
\c@Hy@tempcnt=\count273
(c:/Users/Mainka/AppData/Roaming/TinyTeX/texmf-dist/tex/latex/url/url.sty
\Urlmuskip=\muskip17
Package: url 2013/09/16  ver 3.4  Verb mode for urls, etc.
)
LaTeX Info: Redefining \url on input line 4804.
\XeTeXLinkMargin=\dimen149
(c:/Users/Mainka/AppData/Roaming/TinyTeX/texmf-dist/tex/generic/bitset/bitset.sty
Package: bitset 2019/12/09 v1.3 Handle bit-vector datatype (HO)
(c:/Users/Mainka/AppData/Roaming/TinyTeX/texmf-dist/tex/generic/bigintcalc/bigintcalc.sty
Package: bigintcalc 2019/12/15 v1.5 Expandable calculations on big integers (HO)
))
\Fld@menulength=\count274
\Field@Width=\dimen150
\Fld@charsize=\dimen151
Package hyperref Info: Hyper figures OFF on input line 6076.
Package hyperref Info: Link nesting OFF on input line 6081.
Package hyperref Info: Hyper index ON on input line 6084.
Package hyperref Info: backreferencing OFF on input line 6091.
Package hyperref Info: Link coloring OFF on input line 6096.
Package hyperref Info: Link coloring with OCG OFF on input line 6101.
Package hyperref Info: PDF/A mode OFF on input line 6106.
LaTeX Info: Redefining \ref on input line 6146.
LaTeX Info: Redefining \pageref on input line 6150.
(c:/Users/Mainka/AppData/Roaming/TinyTeX/texmf-dist/tex/latex/base/atbegshi-ltx.sty
Package: atbegshi-ltx 2021/01/10 v1.0c Emulation of the original atbegshi
package with kernel methods
)
\Hy@abspage=\count275
\c@Item=\count276
\c@Hfootnote=\count277
)
Package hyperref Info: Driver (autodetected): hpdftex.
(c:/Users/Mainka/AppData/Roaming/TinyTeX/texmf-dist/tex/latex/hyperref/hpdftex.def
File: hpdftex.def 2021-06-07 v7.00m Hyperref driver for pdfTeX
(c:/Users/Mainka/AppData/Roaming/TinyTeX/texmf-dist/tex/latex/base/atveryend-ltx.sty
Package: atveryend-ltx 2020/08/19 v1.0a Emulation of the original atveryend package
with kernel methods
)
\Fld@listcount=\count278
\c@bookmark@seq@number=\count279
(c:/Users/Mainka/AppData/Roaming/TinyTeX/texmf-dist/tex/latex/rerunfilecheck/rerunfilecheck.sty
Package: rerunfilecheck 2019/12/05 v1.9 Rerun checks for auxiliary files (HO)
(c:/Users/Mainka/AppData/Roaming/TinyTeX/texmf-dist/tex/generic/uniquecounter/uniquecounter.sty
Package: uniquecounter 2019/12/15 v1.4 Provide unlimited unique counter (HO)
)
Package uniquecounter Info: New unique counter `rerunfilecheck' on input line 286.
)
\Hy@SectionHShift=\skip52
) (c:/Users/Mainka/AppData/Roaming/TinyTeX/texmf-dist/tex/latex/fancyvrb/fancyvrb.sty
Package: fancyvrb 2021/11/24\nobreakspace {} 4.1a\nobreakspace {}verbatim text (tvz,hv)
\FV@CodeLineNo=\count280
\FV@InFile=\read2
\FV@TabBox=\box52
\c@FancyVerbLine=\count281
\FV@StepNumber=\count282
\FV@OutFile=\write3
) (c:/Users/Mainka/AppData/Roaming/TinyTeX/texmf-dist/tex/latex/framed/framed.sty
Package: framed 2011/10/22 v 0.96: framed or shaded text with page breaks
\OuterFrameSep=\skip53
\fb@frw=\dimen152
\fb@frh=\dimen153
\FrameRule=\dimen154
\FrameSep=\dimen155
) (c:/Users/Mainka/AppData/Roaming/TinyTeX/texmf-dist/tex/latex/tools/longtable.sty
Package: longtable 2021-09-01 v4.17 Multi-page Table package (DPC)
\LTleft=\skip54
\LTright=\skip55
\LTpre=\skip56
\LTpost=\skip57
\LTchunksize=\count283
\LTcapwidth=\dimen156
\LT@head=\box53
\LT@firsthead=\box54
\LT@foot=\box55
\LT@lastfoot=\box56
\LT@gbox=\box57
\LT@cols=\count284
\LT@rows=\count285
\c@LT@tables=\count286
\c@LT@chunks=\count287
\LT@p@ftn=\toks24
) (c:/Users/Mainka/AppData/Roaming/TinyTeX/texmf-dist/tex/latex/booktabs/booktabs.sty
Package: booktabs 2020/01/12 v1.61803398 Publication quality tables
\heavyrulewidth=\dimen157
\lightrulewidth=\dimen158
\cmidrulewidth=\dimen159
\belowrulesep=\dimen160
\belowbottomsep=\dimen161
\aboverulesep=\dimen162
\abovetopsep=\dimen163
\cmidrulesep=\dimen164
\cmidrulekern=\dimen165
\defaultaddspace=\dimen166
\@cmidla=\count288
\@cmidlb=\count289
\@aboverulesep=\dimen167
\@belowrulesep=\dimen168
\@thisruleclass=\count290
\@lastruleclass=\count291
\@thisrulewidth=\dimen169
) (c:/Users/Mainka/AppData/Roaming/TinyTeX/texmf-dist/tex/latex/tools/array.sty
Package: array 2021/10/04 v2.5f Tabular extension package (FMi)
\col@sep=\dimen170
\ar@mcellbox=\box58
\extrarowheight=\dimen171
\NC@list=\toks25
\extratabsurround=\skip58
\backup@length=\skip59
\ar@cellbox=\box59
) (c:/Users/Mainka/AppData/Roaming/TinyTeX/texmf-dist/tex/latex/tools/calc.sty
Package: calc 2017/05/25 v4.3 Infix arithmetic (KKT,FJ)
\calc@Acount=\count292
\calc@Bcount=\count293
\calc@Adimen=\dimen172
\calc@Bdimen=\dimen173
\calc@Askip=\skip60
\calc@Bskip=\skip61
LaTeX Info: Redefining \setlength on input line 80.
LaTeX Info: Redefining \addtolength on input line 81.
\calc@Ccount=\count294
\calc@Cskip=\skip62
) (c:/Users/Mainka/AppData/Roaming/TinyTeX/texmf-dist/tex/latex/etoolbox/etoolbox.sty
Package: etoolbox 2020/10/05 v2.5k e-TeX tools for LaTeX (JAW)
\etb@tempcnta=\count295
) (c:/Users/Mainka/AppData/Roaming/TinyTeX/texmf-dist/tex/latex/mdwtools/footnote.sty
Package: footnote 1997/01/28 1.13 Save footnotes around boxes
\fn@notes=\box60
\fn@width=\dimen174
) (c:/Users/Mainka/AppData/Roaming/TinyTeX/texmf-dist/tex/latex/graphics/graphicx.sty
Package: graphicx 2021/09/16 v1.2d Enhanced LaTeX Graphics (DPC,SPQR)
(c:/Users/Mainka/AppData/Roaming/TinyTeX/texmf-dist/tex/latex/graphics/graphics.sty
Package: graphics 2021/03/04 v1.4d Standard LaTeX Graphics (DPC,SPQR)
(c:/Users/Mainka/AppData/Roaming/TinyTeX/texmf-dist/tex/latex/graphics/trig.sty
Package: trig 2021/08/11 v1.11 sin cos tan (DPC)
) (c:/Users/Mainka/AppData/Roaming/TinyTeX/texmf-dist/tex/latex/graphics-cfg/graphics.cfg
File: graphics.cfg 2016/06/04 v1.11 sample graphics configuration
)
Package graphics Info: Driver file: pdftex.def on input line 107.
)
\Gin@req@height=\dimen175
\Gin@req@width=\dimen176
) (c:/Users/Mainka/AppData/Roaming/TinyTeX/texmf-dist/tex/latex/amscls/amsthm.sty
Package: amsthm 2020/05/29 v2.20.6
\thm@style=\toks26
\thm@bodyfont=\toks27
\thm@headfont=\toks28
\thm@notefont=\toks29
\thm@headpunct=\toks30
\thm@preskip=\skip63
\thm@postskip=\skip64
\thm@headsep=\skip65
\dth@everypar=\toks31
) (c:/Users/Mainka/AppData/Roaming/TinyTeX/texmf-dist/tex/latex/sectsty/sectsty.sty
Package: sectsty 2002/02/25 v2.0.2 Commands to change all sectional heading styles

LaTeX Warning: Command \underbar  has changed.
               Check if current package is valid.


LaTeX Warning: Command \underline  has changed.
               Check if current package is valid.

)
Package hyperref Info: Option `colorlinks' set `true' on input line 136.
(c:/Users/Mainka/AppData/Roaming/TinyTeX/texmf-dist/tex/latex/fancyhdr/fancyhdr.sty
Package: fancyhdr 2021/01/28 v4.0.1 Extensive control of page headers and footers
\f@nch@headwidth=\skip66
\f@nch@O@elh=\skip67
\f@nch@O@erh=\skip68
\f@nch@O@olh=\skip69
\f@nch@O@orh=\skip70
\f@nch@O@elf=\skip71
\f@nch@O@erf=\skip72
\f@nch@O@olf=\skip73
\f@nch@O@orf=\skip74
) (c:/Users/Mainka/AppData/Roaming/TinyTeX/texmf-dist/tex/latex/pdfpages/pdfpages.sty
Package: pdfpages 2021/03/06 v0.5t Insert pages of external PDF documents (AM)
(c:/Users/Mainka/AppData/Roaming/TinyTeX/texmf-dist/tex/latex/base/ifthen.sty
Package: ifthen 2020/11/24 v1.1c Standard LaTeX ifthen package (DPC)
) (c:/Users/Mainka/AppData/Roaming/TinyTeX/texmf-dist/tex/latex/eso-pic/eso-pic.sty
Package: eso-pic 2020/10/14 v3.0a eso-pic (RN)
\ESO@tempdima=\dimen177
\ESO@tempdimb=\dimen178
)
\AM@pagewidth=\dimen179
\AM@pageheight=\dimen180
\AM@fboxrule=\dimen181
(c:/Users/Mainka/AppData/Roaming/TinyTeX/texmf-dist/tex/latex/pdfpages/pppdftex.def
File: pppdftex.def 2021/03/06 v0.5t Pdfpages driver for pdfTeX (AM)
)
\pdfpages@includegraphics@status=\count296
\AM@pagebox=\box61
\AM@global@opts=\toks32
\AM@pagecnt=\count297
\AM@toc@title=\toks33
\c@AM@survey=\count298
\AM@templatesizebox=\box62
)

Package fancyhdr Warning: \fancyhead's `E' option without twoside option is useless on input line 146.


Package fancyhdr Warning: \fancyhead's `E' option without twoside option is useless on input line 148.

(c:/Users/Mainka/AppData/Roaming/TinyTeX/texmf-dist/tex/latex/tools/multicol.sty
Package: multicol 2021/10/28 v1.9b multicolumn formatting (FMi)
\c@tracingmulticols=\count299
\mult@box=\box63
\multicol@leftmargin=\dimen182
\c@unbalance=\count300
\c@collectmore=\count301
\doublecol@number=\count302
\multicoltolerance=\count303
\multicolpretolerance=\count304
\full@width=\dimen183
\page@free=\dimen184
\premulticols=\dimen185
\postmulticols=\dimen186
\multicolsep=\skip75
\multicolbaselineskip=\skip76
\partial@page=\box64
\last@line=\box65
\maxbalancingoverflow=\dimen187
\mult@rightbox=\box66
\mult@grightbox=\box67
\mult@firstbox=\box68
\mult@gfirstbox=\box69
\@tempa=\box70
\@tempa=\box71
\@tempa=\box72
\@tempa=\box73
\@tempa=\box74
\@tempa=\box75
\@tempa=\box76
\@tempa=\box77
\@tempa=\box78
\@tempa=\box79
\@tempa=\box80
\@tempa=\box81
\@tempa=\box82
\@tempa=\box83
\@tempa=\box84
\@tempa=\box85
\@tempa=\box86
\@tempa=\box87
\@tempa=\box88
\@tempa=\box89
\@tempa=\box90
\@tempa=\box91
\@tempa=\box92
\@tempa=\box93
\@tempa=\box94
\@tempa=\box95
\@tempa=\box96
\@tempa=\box97
\@tempa=\box98
\@tempa=\box99
\@tempa=\box100
\@tempa=\box101
\@tempa=\box102
\@tempa=\box103
\@tempa=\box104
\@tempa=\box105
\c@minrows=\count305
\c@columnbadness=\count306
\c@finalcolumnbadness=\count307
\last@try=\dimen188
\multicolovershoot=\dimen189
\multicolundershoot=\dimen190
\mult@nat@firstbox=\box106
\colbreak@box=\box107
\mc@col@check@num=\count308
) (c:/Users/Mainka/AppData/Roaming/TinyTeX/texmf-dist/tex/latex/multirow/multirow.sty
Package: multirow 2021/03/15 v2.8 Span multiple rows of a table
\multirow@colwidth=\skip77
\multirow@cntb=\count309
\multirow@dima=\skip78
\bigstrutjot=\dimen191
) (c:/Users/Mainka/AppData/Roaming/TinyTeX/texmf-dist/tex/latex/wrapfig/wrapfig.sty
\wrapoverhang=\dimen192
\WF@size=\dimen193
\c@WF@wrappedlines=\count310
\WF@box=\box108
\WF@everypar=\toks34
Package: wrapfig 2003/01/31  v 3.6
) (c:/Users/Mainka/AppData/Roaming/TinyTeX/texmf-dist/tex/latex/float/float.sty
Package: float 2001/11/08 v1.3d Float enhancements (AL)
\c@float@type=\count311
\float@exts=\toks35
\float@box=\box109
\@float@everytoks=\toks36
\@floatcapt=\box110
) (c:/Users/Mainka/AppData/Roaming/TinyTeX/texmf-dist/tex/latex/colortbl/colortbl.sty
Package: colortbl 2020/01/04 v1.0e Color table columns (DPC)
\everycr=\toks37
\minrowclearance=\skip79
) (c:/Users/Mainka/AppData/Roaming/TinyTeX/texmf-dist/tex/latex/pdflscape/pdflscape.sty
Package: pdflscape 2019/12/05 v0.12 Display of landscape pages in PDF (HO)
(c:/Users/Mainka/AppData/Roaming/TinyTeX/texmf-dist/tex/latex/graphics/lscape.sty
Package: lscape 2020/05/28 v3.02 Landscape Pages (DPC)
)
Package pdflscape Info: Auto-detected driver: pdftex on input line 81.
) (c:/Users/Mainka/AppData/Roaming/TinyTeX/texmf-dist/tex/latex/tabu/tabu.sty
Package: tabu 2019/01/11 v2.9 - flexible LaTeX tabulars (FC+tabu-fixed)
(c:/Users/Mainka/AppData/Roaming/TinyTeX/texmf-dist/tex/latex/varwidth/varwidth.sty
Package: varwidth 2009/03/30 ver 0.92;  Variable-width minipages
\@vwid@box=\box111
\sift@deathcycles=\count312
\@vwid@loff=\dimen194
\@vwid@roff=\dimen195
)
\c@taburow=\count313
\tabu@nbcols=\count314
\tabu@cnt=\count315
\tabu@Xcol=\count316
\tabu@alloc=\count317
\tabu@nested=\count318
\tabu@target=\dimen196
\tabu@spreadtarget=\dimen197
\tabu@naturalX=\dimen198
\tabucolX=\dimen199
\tabu@Xsum=\dimen256
\extrarowdepth=\dimen257
\abovetabulinesep=\dimen258
\belowtabulinesep=\dimen259
\tabustrutrule=\dimen260
\tabu@thebody=\toks38
\tabu@footnotes=\toks39
\tabu@box=\box112
\tabu@arstrutbox=\box113
\tabu@hleads=\box114
\tabu@vleads=\box115
\tabu@cellskip=\skip80
) (c:/Users/Mainka/AppData/Roaming/TinyTeX/texmf-dist/tex/latex/threeparttable/threeparttable.sty
Package: threeparttable 2003/06/13  v 3.0
\@tempboxb=\box116
) (c:/Users/Mainka/AppData/Roaming/TinyTeX/texmf-dist/tex/generic/ulem/ulem.sty
\UL@box=\box117
\UL@hyphenbox=\box118
\UL@skip=\skip81
\UL@hook=\toks40
\UL@height=\dimen261
\UL@pe=\count319
\UL@pixel=\dimen262
\ULC@box=\box119
Package: ulem 2019/11/18
\ULdepth=\dimen263
) (c:/Users/Mainka/AppData/Roaming/TinyTeX/texmf-dist/tex/latex/emptypage/emptypage.sty
Package: emptypage 2010/05/30 v1.2 Suppress page numbers and headings on empty pages
) (c:/Users/Mainka/AppData/Roaming/TinyTeX/texmf-dist/tex/latex/cite/chapterbib.sty
\c@inputfile=\count320
Package: chapterbib 2010/09/18  v 1.17
) (c:/Users/Mainka/AppData/Roaming/TinyTeX/texmf-dist/tex/latex/nomencl/nomencl.sty
Package: nomencl 2021/11/10 v5.6 Nomenclature package
(c:/Users/Mainka/AppData/Roaming/TinyTeX/texmf-dist/tex/latex/xkeyval/xkeyval.sty
Package: xkeyval 2020/11/20 v2.8 package option processing (HA)
(c:/Users/Mainka/AppData/Roaming/TinyTeX/texmf-dist/tex/generic/xkeyval/xkeyval.tex (c:/Users/Mainka/AppData/Roaming/TinyTeX/texmf-dist/tex/generic/xkeyval/xkvutils.tex
\XKV@toks=\toks41
\XKV@tempa@toks=\toks42
)
\XKV@depth=\count321
File: xkeyval.tex 2014/12/03 v2.7a key=value parser (HA)
)) (c:/Users/Mainka/AppData/Roaming/TinyTeX/texmf-dist/tex/latex/koma-script/tocbasic.sty
Package: tocbasic 2021/11/13 v3.35 KOMA-Script package (handling toc-files)
(c:/Users/Mainka/AppData/Roaming/TinyTeX/texmf-dist/tex/latex/koma-script/scrbase.sty
Package: scrbase 2021/11/13 v3.35 KOMA-Script package (KOMA-Script-independent basics and keyval usage)
(c:/Users/Mainka/AppData/Roaming/TinyTeX/texmf-dist/tex/latex/koma-script/scrlfile.sty
Package: scrlfile 2021/11/13 v3.35 KOMA-Script package (file load hooks)
(c:/Users/Mainka/AppData/Roaming/TinyTeX/texmf-dist/tex/latex/koma-script/scrlfile-hook.sty
Package: scrlfile-hook 2021/11/13 v3.35 KOMA-Script package (using LaTeX hooks)
(c:/Users/Mainka/AppData/Roaming/TinyTeX/texmf-dist/tex/latex/koma-script/scrlogo.sty
Package: scrlogo 2021/11/13 v3.35 KOMA-Script package (logo)
)))
Applying: [2021/05/01] Usage of raw or classic option list on input line 252.
Already applied: [0000/00/00] Usage of raw or classic option list on input line 368.
)
\scr@dte@tocline@numberwidth=\skip82
\scr@dte@tocline@numbox=\box120
)
Package tocbasic Info: babel extension for `nlo' omitted
(tocbasic)             because of missing \bbl@set@language on input line 187.
Package tocbasic Info: babel extension for `nls' omitted
(tocbasic)             because of missing \bbl@set@language on input line 188.
\nomlabelwidth=\dimen264
\nom@tempdim=\dimen265
\nomitemsep=\skip83
)
\@nomenclaturefile=\write4
\openout4 = `GSOCseq_TM.nlo'.

Package nomencl Info: Writing nomenclature file GSOCseq_TM.nlo on input line 175.
(c:/Users/Mainka/AppData/Roaming/TinyTeX/texmf-dist/tex/latex/imakeidx/imakeidx.sty
Package: imakeidx 2016/10/15 v1.3e Package for typesetting indices in a synchronous mode
(c:/Users/Mainka/AppData/Roaming/TinyTeX/texmf-dist/tex/generic/iftex/ifxetex.sty
Package: ifxetex 2019/10/25 v0.7 ifxetex legacy package. Use iftex instead.
) (c:/Users/Mainka/AppData/Roaming/TinyTeX/texmf-dist/tex/generic/iftex/ifluatex.sty
Package: ifluatex 2019/10/25 v1.5 ifluatex legacy package. Use iftex instead.
))
\GSOCseq_TM@idxfile=\write5
\openout5 = `GSOCseq_TM.idx'.

Writing index file GSOCseq_TM.idx
(c:/Users/Mainka/AppData/Roaming/TinyTeX/texmf-dist/tex/latex/tools/xspace.sty
Package: xspace 2014/10/28 v1.13 Space after command names (DPC,MH)
) (c:/Users/Mainka/AppData/Roaming/TinyTeX/texmf-dist/tex/latex/titling/titling.sty
Package: titling 2009/09/04 v2.1d maketitle typesetting
\thanksmarkwidth=\skip84
\thanksmargin=\skip85
\droptitle=\skip86
) (c:/Users/Mainka/AppData/Roaming/TinyTeX/texmf-dist/tex/latex/subfig/subfig.sty
Package: subfig 2005/06/28 ver: 1.3 subfig package
(c:/Users/Mainka/AppData/Roaming/TinyTeX/texmf-dist/tex/latex/caption/caption.sty
Package: caption 2020/10/26 v3.5g Customizing captions (AR)
(c:/Users/Mainka/AppData/Roaming/TinyTeX/texmf-dist/tex/latex/caption/caption3.sty
Package: caption3 2020/10/21 v2.2e caption3 kernel (AR)
\captionmargin=\dimen266
\captionmargin@=\dimen267
\captionwidth=\dimen268
\caption@tempdima=\dimen269
\caption@indent=\dimen270
\caption@parindent=\dimen271
\caption@hangindent=\dimen272
Package caption Info: Standard document class detected.
)
\c@caption@flags=\count322
\c@continuedfloat=\count323
Package caption Info: float package is loaded.
Package caption Info: hyperref package is loaded.
Package caption Info: longtable package is loaded.
(c:/Users/Mainka/AppData/Roaming/TinyTeX/texmf-dist/tex/latex/caption/ltcaption.sty
Package: ltcaption 2020/05/30 v1.4b longtable captions (AR)
)
Package caption Info: threeparttable package is loaded.
Package caption Info: wrapfig package is loaded.
)
\c@KVtest=\count324
\sf@farskip=\skip87
\sf@captopadj=\dimen273
\sf@capskip=\skip88
\sf@nearskip=\skip89
\c@subfigure=\count325
\c@subfigure@save=\count326
\c@lofdepth=\count327
\c@subtable=\count328
\c@subtable@save=\count329
\c@lotdepth=\count330
\sf@top=\skip90
\sf@bottom=\skip91
) (c:/Users/Mainka/AppData/Roaming/TinyTeX/texmf-dist/tex/latex/threeparttablex/threeparttablex.sty
Package: threeparttablex 2013/07/23 v0.3 by daleif
(c:/Users/Mainka/AppData/Roaming/TinyTeX/texmf-dist/tex/latex/environ/environ.sty
Package: environ 2014/05/04 v0.3 A new way to define environments
(c:/Users/Mainka/AppData/Roaming/TinyTeX/texmf-dist/tex/latex/trimspaces/trimspaces.sty
Package: trimspaces 2009/09/17 v1.1 Trim spaces around a token list
))
\TPTL@width=\skip92
) (c:/Users/Mainka/AppData/Roaming/TinyTeX/texmf-dist/tex/latex/makecell/makecell.sty
Package: makecell 2009/08/03 V0.1e Managing of Tab Column Heads and Cells
\rotheadsize=\dimen274
\c@nlinenum=\count331
\TeXr@lab=\toks43
)
   defining Unicode char U+2212 (decimal 8722)
(c:/Users/Mainka/AppData/Roaming/TinyTeX/texmf-dist/tex/latex/graphics/rotating.sty
Package: rotating 2016/08/11 v2.16d rotated objects in LaTeX
\c@r@tfl@t=\count332
\rotFPtop=\skip93
\rotFPbot=\skip94
\rot@float@box=\box121
\rot@mess@toks=\toks44
) (c:/Users/Mainka/AppData/Roaming/TinyTeX/texmf-dist/tex/latex/natbib/natbib.sty
Package: natbib 2010/09/13 8.31b (PWD, AO)
\bibhang=\skip95
\bibsep=\skip96
LaTeX Info: Redefining \cite on input line 694.
\c@NAT@ctr=\count333
)
\citation{*}
(c:/Users/Mainka/AppData/Roaming/TinyTeX/texmf-dist/tex/latex/l3backend/l3backend-pdftex.def
File: l3backend-pdftex.def 2021-10-18 L3 backend support: PDF output (pdfTeX)
\l__color_backend_stack_int=\count334
\l__pdf_internal_box=\box122
) (./GSOCseq_TM.aux)
\openout1 = `GSOCseq_TM.aux'.

LaTeX Font Info:    Checking defaults for OML/cmm/m/it on input line 232.
LaTeX Font Info:    ... okay on input line 232.
LaTeX Font Info:    Checking defaults for OMS/cmsy/m/n on input line 232.
LaTeX Font Info:    ... okay on input line 232.
LaTeX Font Info:    Checking defaults for OT1/cmr/m/n on input line 232.
LaTeX Font Info:    ... okay on input line 232.
LaTeX Font Info:    Checking defaults for T1/cmr/m/n on input line 232.
LaTeX Font Info:    ... okay on input line 232.
LaTeX Font Info:    Checking defaults for TS1/cmr/m/n on input line 232.
LaTeX Font Info:    ... okay on input line 232.
LaTeX Font Info:    Checking defaults for OMX/cmex/m/n on input line 232.
LaTeX Font Info:    ... okay on input line 232.
LaTeX Font Info:    Checking defaults for U/cmr/m/n on input line 232.
LaTeX Font Info:    ... okay on input line 232.
LaTeX Font Info:    Checking defaults for PD1/pdf/m/n on input line 232.
LaTeX Font Info:    ... okay on input line 232.
LaTeX Font Info:    Checking defaults for PU/pdf/m/n on input line 232.
LaTeX Font Info:    ... okay on input line 232.
(c:/Users/Mainka/AppData/Roaming/TinyTeX/texmf-dist/tex/latex/epstopdf-pkg/epstopdf-base.sty
Package: epstopdf-base 2020-01-24 v2.11 Base part for package epstopdf
Package epstopdf-base Info: Redefining graphics rule for `.eps' on input line 485.
(c:/Users/Mainka/AppData/Roaming/TinyTeX/texmf-dist/tex/latex/latexconfig/epstopdf-sys.cfg
File: epstopdf-sys.cfg 2010/07/13 v1.3 Configuration of (r)epstopdf for TeX Live
))
Package hyperref Info: Link coloring ON on input line 232.
(c:/Users/Mainka/AppData/Roaming/TinyTeX/texmf-dist/tex/latex/hyperref/nameref.sty
Package: nameref 2021-04-02 v2.47 Cross-referencing by name of section
(c:/Users/Mainka/AppData/Roaming/TinyTeX/texmf-dist/tex/latex/refcount/refcount.sty
Package: refcount 2019/12/15 v3.6 Data extraction from label references (HO)
) (c:/Users/Mainka/AppData/Roaming/TinyTeX/texmf-dist/tex/generic/gettitlestring/gettitlestring.sty
Package: gettitlestring 2019/12/15 v1.6 Cleanup title references (HO)
)
\c@section@level=\count335
)
LaTeX Info: Redefining \ref on input line 232.
LaTeX Info: Redefining \pageref on input line 232.
LaTeX Info: Redefining \nameref on input line 232.
(./GSOCseq_TM.out) (./GSOCseq_TM.out)
\@outlinefile=\write6
\openout6 = `GSOCseq_TM.out'.

Package chapterbib Info: The sectionbib option changes "\chapter *" to "\section *" in \thebibliography on input line 232.
Package caption Info: Begin \AtBeginDocument code.
Package caption Info: subfig package v1.3 is loaded.
Package caption Info: rotating package is loaded.
Package caption Info: End \AtBeginDocument code.


pdfTeX warning: pdflatex.exe (file ./images/Front_TechManual.pdf): PDF inclusion: found PDF version <1.6>, but at most version <1.5> allowed
<images/Front_TechManual.pdf, id=477, 597.51233pt x 845.0471pt>
File: images/Front_TechManual.pdf Graphic file (type pdf)
<use images/Front_TechManual.pdf>
Package pdftex.def Info: images/Front_TechManual.pdf  used on input line 236.
(pdftex.def)             Requested size: 329.49893pt x 466.0023pt.


pdfTeX warning: pdflatex.exe (file ./images/Front_TechManual.pdf): PDF inclusion: found PDF version <1.6>, but at most version <1.5> allowed
File: images/Front_TechManual.pdf Graphic file (type pdf)
<use images/Front_TechManual.pdf>
Package pdftex.def Info: images/Front_TechManual.pdf  used on input line 236.
(pdftex.def)             Requested size: 329.49893pt x 466.0023pt.


pdfTeX warning: pdflatex.exe (file ./images/Front_TechManual.pdf): PDF inclusion: found PDF version <1.6>, but at most version <1.5> allowed


pdfTeX warning: pdflatex.exe (file ./images/Front_TechManual.pdf): PDF inclusion: found PDF version <1.6>, but at most version <1.5> allowed
<images/Front_TechManual.pdf, id=480, page=1, 597.51233pt x 845.0471pt>
File: images/Front_TechManual.pdf Graphic file (type pdf)
<use images/Front_TechManual.pdf, page 1>
Package pdftex.def Info: images/Front_TechManual.pdf , page1 used on input line 236.
(pdftex.def)             Requested size: 597.51086pt x 845.04504pt.
File: images/Front_TechManual.pdf Graphic file (type pdf)
<use images/Front_TechManual.pdf, page 1>
Package pdftex.def Info: images/Front_TechManual.pdf , page1 used on input line 236.
(pdftex.def)             Requested size: 501.19579pt x 708.82898pt.
File: images/Front_TechManual.pdf Graphic file (type pdf)
<use images/Front_TechManual.pdf, page 1>
Package pdftex.def Info: images/Front_TechManual.pdf , page1 used on input line 236.
(pdftex.def)             Requested size: 501.19579pt x 708.82898pt.
File: images/Front_TechManual.pdf Graphic file (type pdf)
<use images/Front_TechManual.pdf, page 1>
Package pdftex.def Info: images/Front_TechManual.pdf , page1 used on input line 236.
(pdftex.def)             Requested size: 501.19579pt x 708.82898pt.
File: images/Front_TechManual.pdf Graphic file (type pdf)
<use images/Front_TechManual.pdf, page 1>
Package pdftex.def Info: images/Front_TechManual.pdf , page1 used on input line 236.
(pdftex.def)             Requested size: 501.19579pt x 708.82898pt.
[1

 <./images/Front_TechManual.pdf>]pdfTeX warning (ext4): destination with the same identifier (name{page.1}) has been already used, duplicate ignored
<to be read again> 
                   \relax 
l.252 \end{titlepage}
                      [1

{c:/Users/Mainka/AppData/Roaming/TinyTeX/texmf-var/fonts/map/pdftex/updmap/pdftex.map}]
LaTeX Font Info:    Trying to load font information for TS1+lmr on input line 267.
(c:/Users/Mainka/AppData/Roaming/TinyTeX/texmf-dist/tex/latex/lm/ts1lmr.fd
File: ts1lmr.fd 2015/05/01 v1.6.1 Font defs for Latin Modern
)pdfTeX warning (ext4): destination with the same identifier (name{page.1}) has been already used, duplicate ignored
<to be read again> 
                   \relax 
l.348 \frontmatter
                   [1

]
LaTeX Font Info:    Trying to load font information for T1+lmss on input line 352.
(c:/Users/Mainka/AppData/Roaming/TinyTeX/texmf-dist/tex/latex/lm/t1lmss.fd
File: t1lmss.fd 2015/05/01 v1.6.1 Font defs for Latin Modern
) (./GSOCseq_TM.toc
LaTeX Font Info:    Trying to load font information for OT1+lmr on input line 3.
(c:/Users/Mainka/AppData/Roaming/TinyTeX/texmf-dist/tex/latex/lm/ot1lmr.fd
File: ot1lmr.fd 2015/05/01 v1.6.1 Font defs for Latin Modern
)
LaTeX Font Info:    Trying to load font information for OML+lmm on input line 3.
(c:/Users/Mainka/AppData/Roaming/TinyTeX/texmf-dist/tex/latex/lm/omllmm.fd
File: omllmm.fd 2015/05/01 v1.6.1 Font defs for Latin Modern
)
LaTeX Font Info:    Trying to load font information for OMS+lmsy on input line 3.
(c:/Users/Mainka/AppData/Roaming/TinyTeX/texmf-dist/tex/latex/lm/omslmsy.fd
File: omslmsy.fd 2015/05/01 v1.6.1 Font defs for Latin Modern
)
LaTeX Font Info:    Trying to load font information for OMX+lmex on input line 3.
(c:/Users/Mainka/AppData/Roaming/TinyTeX/texmf-dist/tex/latex/lm/omxlmex.fd
File: omxlmex.fd 2015/05/01 v1.6.1 Font defs for Latin Modern
)
LaTeX Font Info:    External font `lmex10' loaded for size
(Font)              <10> on input line 3.
LaTeX Font Info:    External font `lmex10' loaded for size
(Font)              <7> on input line 3.
LaTeX Font Info:    External font `lmex10' loaded for size
(Font)              <5> on input line 3.
LaTeX Font Info:    Trying to load font information for U+msa on input line 3.
(c:/Users/Mainka/AppData/Roaming/TinyTeX/texmf-dist/tex/latex/amsfonts/umsa.fd
File: umsa.fd 2013/01/14 v3.01 AMS symbols A
)
LaTeX Font Info:    Trying to load font information for U+msb on input line 3.
(c:/Users/Mainka/AppData/Roaming/TinyTeX/texmf-dist/tex/latex/amsfonts/umsb.fd
File: umsb.fd 2013/01/14 v3.01 AMS symbols B
) [1


] [2] [3]
Overfull \hbox (32.91202pt too wide) in paragraph at lines 79--79
 [][] [][]\T1/lmr/m/n/10 Script Num-ber 9 ``Land_Use_ESA_to_FAO_classes_LUsim.R'' 
 []


Underfull \hbox (badness 2205) in paragraph at lines 95--95
 [][] [][]\T1/lmr/m/n/10 Script Num-ber 14B. ``ROTH_C_WARM_UP_v4.R'' 
 []

[4] [5])
\tf@toc=\write7
\openout7 = `GSOCseq_TM.toc'.

[6] (./GSOCseq_TM.lof [7

])
\tf@lof=\write8
\openout8 = `GSOCseq_TM.lof'.

[8] (./GSOCseq_TM.lot
Underfull \hbox (badness 2005) in paragraph at lines 11--11
 [][] [][]\T1/lmr/m/n/10 FAO Land cover classes, land cover num-ber and de-fault 
 []

)
\tf@lot=\write9
\openout9 = `GSOCseq_TM.lot'.

No file GSOCseq_TM.nls.
[9

]
Overfull \hbox (6.96497pt too wide) in paragraph at lines 387--387
[]|\T1/lmr/m/n/10 CIRCASA|  
 []


Overfull \hbox (1.6876pt too wide) in paragraph at lines 388--388
[]|\T1/lmr/m/n/10 UNCCD- 
 []

[10

] [11]
Chapter 1.
pdfTeX warning (ext4): destination with the same identifier (name{page.1}) has been already used, duplicate ignored
<to be read again> 
                   \relax 
l.421 
       [1


] [2]
Underfull \hbox (badness 10000) in paragraph at lines 435--437

 []


Underfull \hbox (badness 10000) in paragraph at lines 437--439

 []


Underfull \hbox (badness 10000) in paragraph at lines 439--441

 []

[3]
Underfull \hbox (badness 10000) in paragraph at lines 453--455
\T1/lmr/m/n/10 / / drive . google . com / drive / folders / 1Jonn17LAiCyaUSpUn6W63o16bjTg1P0E ?
 []

[4]
Chapter 2.
[5

] [6]
Underfull \hbox (badness 10000) in paragraph at lines 482--483

 []

[7]
Underfull \hbox (badness 10000) in paragraph at lines 488--489

 []

[8pdfTeX warning (ext4): destination with the same identifier (name{equation.2.4.1}) has been already used, duplicate ignored
<argument> ...shipout:D \box_use:N \l_shipout_box 
                                                  \__shipout_drop_firstpage_...
l.498 
      ]
<images/Figure_2.1.png, id=1287, 825.83531pt x 487.06969pt>
File: images/Figure_2.1.png Graphic file (type png)
<use images/Figure_2.1.png>
Package pdftex.def Info: images/Figure_2.1.png  used on input line 501.
(pdftex.def)             Requested size: 344.9961pt x 203.47534pt.
[9 <./images/Figure_2.1.png>]
Chapter 3.
[10

]
Underfull \hbox (badness 10000) in paragraph at lines 516--517

 []

[11] [12] [13]
Chapter 4.
[14

]
<images/Figure_4.1.png, id=1322, 708.39656pt x 505.89pt>
File: images/Figure_4.1.png Graphic file (type png)
<use images/Figure_4.1.png>
Package pdftex.def Info: images/Figure_4.1.png  used on input line 589.
(pdftex.def)             Requested size: 345.00954pt x 246.38301pt.
[15pdfTeX warning (ext4): destination with the same identifier (name{equation.4.1.1}) has been already used, duplicate ignored
<argument> ...shipout:D \box_use:N \l_shipout_box 
                                                  \__shipout_drop_firstpage_...
l.607     M
           onthly rainfall (mm)] [16 <./images/Figure_4.1.png>] [17]
Chapter 5.
[18

] [19] [20] [21] [22pdfTeX warning (ext4): destination with the same identifier (name{equation.5.4.1}) has been already used, duplicate ignored
<argument> ...shipout:D \box_use:N \l_shipout_box 
                                                  \__shipout_drop_firstpage_...
l.723 
      ]pdfTeX warning (ext4): destination with the same identifier (name{equation.5.4.1}) has been already used, duplicate ignored
<to be read again> 
                   \relax 
l.734 \begin{equation}
                      pdfTeX warning (ext4): destination with the same identifier (name{equation.5.4.1}) has been already used, duplicate ignored
<to be read again> 
                   \relax 
l.734 \begin{equation}
                      pdfTeX warning (ext4): destination with the same identifier (name{equation.5.4.1}) has been already used, duplicate ignored
<to be read again> 
                   \relax 
l.734 \begin{equation}
                      pdfTeX warning (ext4): destination with the same identifier (name{equation.5.4.1}) has been already used, duplicate ignored
<to be read again> 
                   \relax 
l.734 \begin{equation}
                       [23]
Underfull \hbox (badness 1194) in paragraph at lines 749--750
\T1/lmr/m/n/10 ma-te-rial of De-chow \T1/lmr/m/it/10 et al. \T1/lmr/m/n/10 (2019) ([][]$https : / / www . fao . org / ^^\leadmin / user _
 []


Underfull \hbox (badness 10000) in paragraph at lines 749--750
\T1/lmr/m/n/10 upload / GSP / GSOCseq / supplementary _ material _ analytical _ spinup . pdf$[][]).
 []

[24]pdfTeX warning (ext4): destination with the same identifier (name{equation.5.4.2}) has been already used, duplicate ignored
<to be read again> 
                   \relax 
l.776 \begin{equation}
                      pdfTeX warning (ext4): destination with the same identifier (name{equation.5.4.2}) has been already used, duplicate ignored
<to be read again> 
                   \relax 
l.776 \begin{equation}
                      pdfTeX warning (ext4): destination with the same identifier (name{equation.5.4.2}) has been already used, duplicate ignored
<to be read again> 
                   \relax 
l.776 \begin{equation}
                      pdfTeX warning (ext4): destination with the same identifier (name{equation.5.4.2}) has been already used, duplicate ignored
<to be read again> 
                   \relax 
l.776 \begin{equation}
                      pdfTeX warning (ext4): destination with the same identifier (name{equation.5.4.2}) has been already used, duplicate ignored
<to be read again> 
                   \relax 
l.781 \begin{equation}
                      pdfTeX warning (ext4): destination with the same identifier (name{equation.5.4.2}) has been already used, duplicate ignored
<to be read again> 
                   \relax 
l.781 \begin{equation}
                      pdfTeX warning (ext4): destination with the same identifier (name{equation.5.4.2}) has been already used, duplicate ignored
<to be read again> 
                   \relax 
l.781 \begin{equation}
                      pdfTeX warning (ext4): destination with the same identifier (name{equation.5.4.2}) has been already used, duplicate ignored
<to be read again> 
                   \relax 
l.781 \begin{equation}
                      pdfTeX warning (ext4): destination with the same identifier (name{equation.5.4.2}) has been already used, duplicate ignored
<to be read again> 
                   \relax 
l.786 \begin{equation}
                      pdfTeX warning (ext4): destination with the same identifier (name{equation.5.4.2}) has been already used, duplicate ignored
<to be read again> 
                   \relax 
l.786 \begin{equation}
                      pdfTeX warning (ext4): destination with the same identifier (name{equation.5.4.2}) has been already used, duplicate ignored
<to be read again> 
                   \relax 
l.786 \begin{equation}
                      pdfTeX warning (ext4): destination with the same identifier (name{equation.5.4.2}) has been already used, duplicate ignored
<to be read again> 
                   \relax 
l.786 \begin{equation}
                      pdfTeX warning (ext4): destination with the same identifier (name{equation.5.4.2}) has been already used, duplicate ignored
<to be read again> 
                   \relax 
l.791 \begin{equation}
                      pdfTeX warning (ext4): destination with the same identifier (name{equation.5.4.2}) has been already used, duplicate ignored
<to be read again> 
                   \relax 
l.791 \begin{equation}
                      pdfTeX warning (ext4): destination with the same identifier (name{equation.5.4.2}) has been already used, duplicate ignored
<to be read again> 
                   \relax 
l.791 \begin{equation}
                      pdfTeX warning (ext4): destination with the same identifier (name{equation.5.4.2}) has been already used, duplicate ignored
<to be read again> 
                   \relax 
l.791 \begin{equation}
                      
Underfull \hbox (badness 2096) in paragraph at lines 796--798
[]\T1/lmr/m/n/10 Where $\OML/lmm/m/it/10 ^^M$ \T1/lmr/m/n/10 are the par-ti-tion co-ef-fi-cients of the in-com-ing car-bon in-puts
 []


Underfull \hbox (badness 3601) in paragraph at lines 796--798
\T1/lmr/m/n/10 tions in-te-grat-ing model struc-ture and parametriza-tion of RothC, fol-
 []


Underfull \hbox (badness 2073) in paragraph at lines 796--798
\T1/lmr/m/n/10 low-ing the equa-tions in the sup-ple-men-tary ma-te-rial of De-chow et el.
 []


Underfull \hbox (badness 10000) in paragraph at lines 796--798
\T1/lmr/m/n/10 (2019) ([][]$https : / / www . fao . org / ^^\leadmin / user _ upload / GSP / GSOCseq /
 []


Underfull \hbox (badness 2564) in paragraph at lines 796--798
\T1/lmr/m/n/10 supplementary _ material _ analytical _ spinup . pdf$[][]). Once the frac-tions of
 []

pdfTeX warning (ext4): destination with the same identifier (name{equation.5.4.2}) has been already used, duplicate ignored
<to be read again> 
                   \relax 
l.799 \begin{equation}
                      pdfTeX warning (ext4): destination with the same identifier (name{equation.5.4.2}) has been already used, duplicate ignored
<to be read again> 
                   \relax 
l.799 \begin{equation}
                      pdfTeX warning (ext4): destination with the same identifier (name{equation.5.4.2}) has been already used, duplicate ignored
<to be read again> 
                   \relax 
l.799 \begin{equation}
                      pdfTeX warning (ext4): destination with the same identifier (name{equation.5.4.2}) has been already used, duplicate ignored
<to be read again> 
                   \relax 
l.799 \begin{equation}
                      pdfTeX warning (ext4): destination with the same identifier (name{equation.5.4.2}) has been already used, duplicate ignored
<to be read again> 
                   \relax 
l.804 \begin{equation}
                      pdfTeX warning (ext4): destination with the same identifier (name{equation.5.4.2}) has been already used, duplicate ignored
<to be read again> 
                   \relax 
l.804 \begin{equation}
                      pdfTeX warning (ext4): destination with the same identifier (name{equation.5.4.2}) has been already used, duplicate ignored
<to be read again> 
                   \relax 
l.804 \begin{equation}
                      pdfTeX warning (ext4): destination with the same identifier (name{equation.5.4.2}) has been already used, duplicate ignored
<to be read again> 
                   \relax 
l.804 \begin{equation}
                      pdfTeX warning (ext4): destination with the same identifier (name{equation.5.4.2}) has been already used, duplicate ignored
<to be read again> 
                   \relax 
l.812 \begin{equation}
                      pdfTeX warning (ext4): destination with the same identifier (name{equation.5.4.2}) has been already used, duplicate ignored
<to be read again> 
                   \relax 
l.812 \begin{equation}
                      pdfTeX warning (ext4): destination with the same identifier (name{equation.5.4.2}) has been already used, duplicate ignored
<to be read again> 
                   \relax 
l.812 \begin{equation}
                      pdfTeX warning (ext4): destination with the same identifier (name{equation.5.4.2}) has been already used, duplicate ignored
<to be read again> 
                   \relax 
l.812 \begin{equation}
                       [25pdfTeX warning (ext4): destination with the same identifier (name{equation.5.4.2}) has been already used, duplicate ignored
<argument> ...shipout:D \box_use:N \l_shipout_box 
                                                  \__shipout_drop_firstpage_...
l.815 \end{equation}
                    ] [26]
<images/Figure_5.1.png, id=1421, 693.3102pt x 396.0396pt>
File: images/Figure_5.1.png Graphic file (type png)
<use images/Figure_5.1.png>
Package pdftex.def Info: images/Figure_5.1.png  used on input line 848.
(pdftex.def)             Requested size: 345.0039pt x 197.07658pt.
[27] [28 <./images/Figure_5.1.png>] [29] [30]
Chapter 6.
[31

] [32] [33] [34pdfTeX warning (ext4): destination with the same identifier (name{equation.6.2.1}) has been already used, duplicate ignored
<argument> ...shipout:D \box_use:N \l_shipout_box 
                                                  \__shipout_drop_firstpage_...
l.1055 
       ] [35] [36] [37pdfTeX warning (ext4): destination with the same identifier (name{equation.6.5.2}) has been already used, duplicate ignored
<argument> ...shipout:D \box_use:N \l_shipout_box 
                                                  \__shipout_drop_firstpage_...
l.1152 
       ]pdfTeX warning (ext4): destination with the same identifier (name{equation.6.5.2}) has been already used, duplicate ignored
<to be read again> 
                   \relax 
l.1153 \begin{equation}
                       pdfTeX warning (ext4): destination with the same identifier (name{equation.6.5.2}) has been already used, duplicate ignored
<to be read again> 
                   \relax 
l.1153 \begin{equation}
                       pdfTeX warning (ext4): destination with the same identifier (name{equation.6.5.2}) has been already used, duplicate ignored
<to be read again> 
                   \relax 
l.1153 \begin{equation}
                       pdfTeX warning (ext4): destination with the same identifier (name{equation.6.5.2}) has been already used, duplicate ignored
<to be read again> 
                   \relax 
l.1153 \begin{equation}
                       pdfTeX warning (ext4): destination with the same identifier (name{equation.6.5.2}) has been already used, duplicate ignored
<to be read again> 
                   \relax 
l.1158 \begin{equation}
                       pdfTeX warning (ext4): destination with the same identifier (name{equation.6.5.2}) has been already used, duplicate ignored
<to be read again> 
                   \relax 
l.1158 \begin{equation}
                       pdfTeX warning (ext4): destination with the same identifier (name{equation.6.5.2}) has been already used, duplicate ignored
<to be read again> 
                   \relax 
l.1158 \begin{equation}
                       pdfTeX warning (ext4): destination with the same identifier (name{equation.6.5.2}) has been already used, duplicate ignored
<to be read again> 
                   \relax 
l.1158 \begin{equation}
                       pdfTeX warning (ext4): destination with the same identifier (name{equation.6.5.2}) has been already used, duplicate ignored
<to be read again> 
                   \relax 
l.1163 \begin{equation}
                       pdfTeX warning (ext4): destination with the same identifier (name{equation.6.5.2}) has been already used, duplicate ignored
<to be read again> 
                   \relax 
l.1163 \begin{equation}
                       pdfTeX warning (ext4): destination with the same identifier (name{equation.6.5.2}) has been already used, duplicate ignored
<to be read again> 
                   \relax 
l.1163 \begin{equation}
                       pdfTeX warning (ext4): destination with the same identifier (name{equation.6.5.2}) has been already used, duplicate ignored
<to be read again> 
                   \relax 
l.1163 \begin{equation}
                       pdfTeX warning (ext4): destination with the same identifier (name{equation.6.5.2}) has been already used, duplicate ignored
<to be read again> 
                   \relax 
l.1170 \begin{equation}
                       pdfTeX warning (ext4): destination with the same identifier (name{equation.6.5.2}) has been already used, duplicate ignored
<to be read again> 
                   \relax 
l.1170 \begin{equation}
                       pdfTeX warning (ext4): destination with the same identifier (name{equation.6.5.2}) has been already used, duplicate ignored
<to be read again> 
                   \relax 
l.1170 \begin{equation}
                       pdfTeX warning (ext4): destination with the same identifier (name{equation.6.5.2}) has been already used, duplicate ignored
<to be read again> 
                   \relax 
l.1170 \begin{equation}
                        [38]pdfTeX warning (ext4): destination with the same identifier (name{equation.6.5.2}) has been already used, duplicate ignored
<to be read again> 
                   \relax 
l.1178 \begin{equation}
                       pdfTeX warning (ext4): destination with the same identifier (name{equation.6.5.2}) has been already used, duplicate ignored
<to be read again> 
                   \relax 
l.1178 \begin{equation}
                       pdfTeX warning (ext4): destination with the same identifier (name{equation.6.5.2}) has been already used, duplicate ignored
<to be read again> 
                   \relax 
l.1178 \begin{equation}
                       pdfTeX warning (ext4): destination with the same identifier (name{equation.6.5.2}) has been already used, duplicate ignored
<to be read again> 
                   \relax 
l.1178 \begin{equation}
                       pdfTeX warning (ext4): destination with the same identifier (name{equation.6.5.2}) has been already used, duplicate ignored
<to be read again> 
                   \relax 
l.1183 \begin{equation}
                       pdfTeX warning (ext4): destination with the same identifier (name{equation.6.5.2}) has been already used, duplicate ignored
<to be read again> 
                   \relax 
l.1183 \begin{equation}
                       pdfTeX warning (ext4): destination with the same identifier (name{equation.6.5.2}) has been already used, duplicate ignored
<to be read again> 
                   \relax 
l.1183 \begin{equation}
                       pdfTeX warning (ext4): destination with the same identifier (name{equation.6.5.2}) has been already used, duplicate ignored
<to be read again> 
                   \relax 
l.1183 \begin{equation}
                       pdfTeX warning (ext4): destination with the same identifier (name{equation.6.5.2}) has been already used, duplicate ignored
<to be read again> 
                   \relax 
l.1188 \begin{equation}
                       pdfTeX warning (ext4): destination with the same identifier (name{equation.6.5.2}) has been already used, duplicate ignored
<to be read again> 
                   \relax 
l.1188 \begin{equation}
                       pdfTeX warning (ext4): destination with the same identifier (name{equation.6.5.2}) has been already used, duplicate ignored
<to be read again> 
                   \relax 
l.1188 \begin{equation}
                       pdfTeX warning (ext4): destination with the same identifier (name{equation.6.5.2}) has been already used, duplicate ignored
<to be read again> 
                   \relax 
l.1188 \begin{equation}
                       pdfTeX warning (ext4): destination with the same identifier (name{equation.6.5.2}) has been already used, duplicate ignored
<to be read again> 
                   \relax 
l.1199 \begin{equation}
                       pdfTeX warning (ext4): destination with the same identifier (name{equation.6.5.2}) has been already used, duplicate ignored
<to be read again> 
                   \relax 
l.1199 \begin{equation}
                       pdfTeX warning (ext4): destination with the same identifier (name{equation.6.5.2}) has been already used, duplicate ignored
<to be read again> 
                   \relax 
l.1199 \begin{equation}
                       pdfTeX warning (ext4): destination with the same identifier (name{equation.6.5.2}) has been already used, duplicate ignored
<to be read again> 
                   \relax 
l.1199 \begin{equation}
                        [39]pdfTeX warning (ext4): destination with the same identifier (name{equation.6.5.2}) has been already used, duplicate ignored
<to be read again> 
                   \relax 
l.1220 \begin{equation}
                       pdfTeX warning (ext4): destination with the same identifier (name{equation.6.5.2}) has been already used, duplicate ignored
<to be read again> 
                   \relax 
l.1220 \begin{equation}
                       pdfTeX warning (ext4): destination with the same identifier (name{equation.6.5.2}) has been already used, duplicate ignored
<to be read again> 
                   \relax 
l.1220 \begin{equation}
                       pdfTeX warning (ext4): destination with the same identifier (name{equation.6.5.2}) has been already used, duplicate ignored
<to be read again> 
                   \relax 
l.1220 \begin{equation}
                        [40] [41] [42] [43

] [44

]
Chapter 7.
[45

] [46]
Underfull \hbox (badness 6691) in paragraph at lines 1503--1504
[]\T1/lmr/m/n/10 Stackoverflow R com-mu-nity: [][]$https : / / stackover^^]ow . com / questions /
 []

[47] [48]
LaTeX Font Info:    Trying to load font information for T1+lmtt on input line 1543.
(c:/Users/Mainka/AppData/Roaming/TinyTeX/texmf-dist/tex/latex/lm/t1lmtt.fd
File: t1lmtt.fd 2015/05/01 v1.6.1 Font defs for Latin Modern
) [49]
<images/Figure_7.1.png, id=1584, 667.7748pt x 358.941pt>
File: images/Figure_7.1.png Graphic file (type png)
<use images/Figure_7.1.png>
Package pdftex.def Info: images/Figure_7.1.png  used on input line 1597.
(pdftex.def)             Requested size: 345.00322pt x 185.44545pt.
[50 <./images/Figure_7.1.png>]
Chapter 8.
<images/Figure_8.1.png, id=1592, 508.14844pt x 425.33907pt>
File: images/Figure_8.1.png Graphic file (type png)
<use images/Figure_8.1.png>
Package pdftex.def Info: images/Figure_8.1.png  used on input line 1622.
(pdftex.def)             Requested size: 345.00911pt x 288.7854pt.
[51

] [52 <./images/Figure_8.1.png>] [53] [54] [55

]
Chapter 9.
[56


] [57]
Underfull \hbox (badness 10000) in paragraph at lines 1803--1805

 []


Underfull \hbox (badness 10000) in paragraph at lines 1829--1830
[][]$\T1/lmr/m/n/10 https : / / developers . google . com / earth -[] engine / datasets / catalog / IDAHO _
 []

[58]
<images/Figure_9.0.png, id=1647, 584.4234pt x 469.755pt>
File: images/Figure_9.0.png Graphic file (type png)
<use images/Figure_9.0.png>
Package pdftex.def Info: images/Figure_9.0.png  used on input line 1851.
(pdftex.def)             Requested size: 345.003pt x 277.31075pt.
LaTeX Font Info:    Font shape `T1/lmss/bx/it' in size <12> not available
(Font)              Font shape `T1/lmss/bx/sl' tried instead on input line 1860.
[59] [60 <./images/Figure_9.0.png>] [61] [62]
LaTeX Font Info:    Font shape `T1/lmtt/bx/n' in size <10> not available
(Font)              Font shape `T1/lmtt/b/n' tried instead on input line 2010.

LaTeX Font Warning: Font shape `T1/lmtt/bx/it' in size <10> not available
(Font)              Font shape `T1/lmtt/b/sl' tried instead on input line 2031.

[63] [64] [65]
LaTeX Font Info:    Trying to load font information for TS1+lmtt on input line 2167.
(c:/Users/Mainka/AppData/Roaming/TinyTeX/texmf-dist/tex/latex/lm/ts1lmtt.fd
File: ts1lmtt.fd 2015/05/01 v1.6.1 Font defs for Latin Modern
) [66] [67] [68] [69] [70]
Underfull \vbox (badness 10000) detected at line 2449
 []


Underfull \vbox (badness 10000) detected at line 2449
 []

[71]
Underfull \vbox (badness 10000) detected at line 2449
 []


Underfull \vbox (badness 10000) detected at line 2449
 []

[72] [73]
Underfull \vbox (badness 10000) detected at line 2540
 []


Underfull \vbox (badness 10000) detected at line 2540
 []

[74]
Underfull \vbox (badness 10000) detected at line 2540
 []


Underfull \vbox (badness 10000) detected at line 2540
 []

[75] [76] [77] [78] [79]
Overfull \hbox (37.33157pt too wide) in paragraph at lines 2761--2763
[]\T1/lmr/m/n/10 First, we will need to open the R script: ``MIAMI_MODEL_NPP_MIAMI_MEAN_81-
 []

[80]
Overfull \vbox (1.01271pt too high) detected at line 2863
 []

[81]
Underfull \vbox (badness 10000) detected at line 2863
 []


Underfull \vbox (badness 10000) detected at line 2863
 []

[82] [83]
Underfull \vbox (badness 10000) detected at line 3008
 []


Underfull \vbox (badness 10000) detected at line 3008
 []

[84]
Underfull \vbox (badness 10000) detected at line 3008
 []


Underfull \vbox (badness 10000) detected at line 3008
 []

[85] [86]
<images/Figure_9.1.png, id=1785, 947.79094pt x 424.58624pt>
File: images/Figure_9.1.png Graphic file (type png)
<use images/Figure_9.1.png>
Package pdftex.def Info: images/Figure_9.1.png  used on input line 3025.
(pdftex.def)             Requested size: 344.99355pt x 154.54834pt.
<images/Figure_9.2.png, id=1786, 522.45187pt x 298.86656pt>
File: images/Figure_9.2.png Graphic file (type png)
<use images/Figure_9.2.png>
Package pdftex.def Info: images/Figure_9.2.png  used on input line 3033.
(pdftex.def)             Requested size: 345.00266pt x 197.3574pt.
[87 <./images/Figure_9.1.png>]
Underfull \vbox (badness 10000) detected at line 3105
 []


Underfull \vbox (badness 10000) detected at line 3105
 []

[88 <./images/Figure_9.2.png>]
Underfull \vbox (badness 10000) detected at line 3105
 []


Underfull \vbox (badness 10000) detected at line 3105
 []

[89] [90]
Overfull \vbox (1.34999pt too high) detected at line 3178
 []

[91] [92]
Underfull \vbox (badness 10000) detected at line 3355
 []


Underfull \vbox (badness 10000) detected at line 3355
 []

[93]
Overfull \vbox (2.22223pt too high) detected at line 3355
 []

[94]
Underfull \vbox (badness 10000) detected at line 3355
 []


Underfull \vbox (badness 10000) detected at line 3355
 []

[95] [96]
Overfull \vbox (1.41449pt too high) detected at line 3536
 []

[97]
Underfull \vbox (badness 10000) detected at line 3536
 []


Underfull \vbox (badness 10000) detected at line 3536
 []

[98]
Underfull \vbox (badness 10000) detected at line 3536
 []


Underfull \vbox (badness 10000) detected at line 3536
 []

[99]
Overfull \vbox (2.22223pt too high) detected at line 3536
 []

[100] [101]
Overfull \vbox (0.67094pt too high) detected at line 3900
 []

[102]
Underfull \vbox (badness 10000) detected at line 3900
 []


Underfull \vbox (badness 10000) detected at line 3900
 []

[103]
Overfull \vbox (2.22223pt too high) detected at line 3900
 []

[104] [105]
Underfull \vbox (badness 10000) detected at line 3900
 []


Underfull \vbox (badness 10000) detected at line 3900
 []

[106]
Underfull \vbox (badness 10000) detected at line 3900
 []


Underfull \vbox (badness 10000) detected at line 3900
 []

[107]
Underfull \vbox (badness 10000) detected at line 3900
 []


Underfull \vbox (badness 10000) detected at line 3900
 []

[108] [109]
Underfull \vbox (badness 10000) detected at line 3900
 []


Underfull \vbox (badness 10000) detected at line 3900
 []

[110]
Overfull \hbox (18.80586pt too wide) in paragraph at lines 3922--3924
[]\T1/lmr/bx/n/10 Output: \T1/lmr/m/n/10 *NDVI_2015-2019_prop_gt_06_[country_code]\T1/lmr/m/it/10 MONTH\T1/lmr/m/n/10 [Number
 []

[111]
File: images/Figure_9.1.png Graphic file (type png)
<use images/Figure_9.1.png>
Package pdftex.def Info: images/Figure_9.1.png  used on input line 3930.
(pdftex.def)             Requested size: 344.99355pt x 154.54834pt.
File: images/Figure_9.2.png Graphic file (type png)
<use images/Figure_9.2.png>
Package pdftex.def Info: images/Figure_9.2.png  used on input line 3938.
(pdftex.def)             Requested size: 345.00266pt x 197.3574pt.

Underfull \hbox (badness 2376) in paragraph at lines 3947--3949
[]\T1/lmr/m/n/10 Line 10, the month num-ber to be pro-cessed, (e.g. for Jan-uary
 []

[112]
Underfull \vbox (badness 10000) detected at line 4007
 []


Underfull \vbox (badness 10000) detected at line 4007
 []

[113]
<images/Figure_9.3.png, id=1914, 204.01219pt x 128.73094pt>
File: images/Figure_9.3.png Graphic file (type png)
<use images/Figure_9.3.png>
Package pdftex.def Info: images/Figure_9.3.png  used on input line 4013.
(pdftex.def)             Requested size: 204.02103pt x 128.7365pt.
[114]
Overfull \hbox (9.47267pt too wide) in paragraph at lines 4036--4037
[]\T1/lmr/m/n/10 12x NDVI_2015-2019_prop_gt_06_[country_code]\T1/lmr/m/it/10 MONTH\T1/lmr/m/n/10 [Number
 []

[115 <./images/Figure_9.3.png>]
Underfull \vbox (badness 10000) detected at line 4152
 []


Underfull \vbox (badness 10000) detected at line 4152
 []

[116]
Underfull \vbox (badness 10000) detected at line 4152
 []


Underfull \vbox (badness 10000) detected at line 4152
 []

[117] [118] [119] [120]
Underfull \hbox (badness 1990) in paragraph at lines 4251--4252
\T1/lmr/m/n/10 prepa-ra-tion phase (Scripts 9_Land_Use_ESA_to_FAO_classes_LUsim.R
 []

<images/Figure_9.6.png, id=1948, 722.7pt x 486.1362pt>
File: images/Figure_9.6.png Graphic file (type png)
<use images/Figure_9.6.png>
Package pdftex.def Info: images/Figure_9.6.png  used on input line 4253.
(pdftex.def)             Requested size: 344.99533pt x 232.06685pt.

Underfull \hbox (badness 10000) in paragraph at lines 4253--4255
[][]
 []

[121]
Underfull \hbox (badness 2134) in paragraph at lines 4273--4274
[]\T1/lmr/m/n/10 ESACCI-LC-L4-LCCS-Map-300m-P1Y-2015-v2.0.7.tif (ESA Land
 []

[122 <./images/Figure_9.6.png>]
Overfull \vbox (1.13449pt too high) detected at line 4346
 []

[123]
Overfull \hbox (42.80049pt too wide) in paragraph at lines 4349--4349
[]\T1/lmss/bx/n/12 Script Num-ber 9 ``Land_Use_ESA_to_FAO_classes_LUsim.R''
 []

[124]
Underfull \vbox (badness 10000) detected at line 4454
 []


Underfull \vbox (badness 10000) detected at line 4454
 []

[125]
Underfull \vbox (badness 10000) detected at line 4454
 []


Underfull \vbox (badness 10000) detected at line 4454
 []

[126] [127] [128]
Underfull \vbox (badness 10000) detected at line 4616
 []


Underfull \vbox (badness 10000) detected at line 4616
 []

[129] [130] [131] [132] [133] [134] [135]
Overfull \vbox (2.22223pt too high) detected at line 4951
 []

[136]
Underfull \vbox (badness 10000) detected at line 4951
 []


Underfull \vbox (badness 10000) detected at line 4951
 []

[137] [138] [139]
Underfull \vbox (badness 10000) detected at line 5097
 []


Underfull \vbox (badness 10000) detected at line 5097
 []

[140] [141]
<images/Figure_9.4.png, id=2050, 237.88875pt x 277.035pt>
File: images/Figure_9.4.png Graphic file (type png)
<use images/Figure_9.4.png>
Package pdftex.def Info: images/Figure_9.4.png  used on input line 5153.
(pdftex.def)             Requested size: 237.88815pt x 277.03432pt.
<images/Figure_9.5.png, id=2051, 329.73187pt x 182.93344pt>
File: images/Figure_9.5.png Graphic file (type png)
<use images/Figure_9.5.png>
Package pdftex.def Info: images/Figure_9.5.png  used on input line 5161.
(pdftex.def)             Requested size: 329.7411pt x 182.93855pt.
[142] [143 <./images/Figure_9.4.png>] [144 <./images/Figure_9.5.png>]
Chapter 10.
[145

] [146] [147]
Underfull \hbox (badness 10000) in paragraph at lines 5279--5279
[]\T1/lmss/bx/n/12 ``ROTH_C_SPIN_UP_UNC_v2.R'' (equi-lib-rium
 []

[148] [149] [150]
Underfull \vbox (badness 10000) detected at line 5454
 []


Underfull \vbox (badness 10000) detected at line 5454
 []

[151]
Underfull \vbox (badness 10000) detected at line 5454
 []


Underfull \vbox (badness 10000) detected at line 5454
 []

[152] [153] [154] [155] [156] [157] [158] [159]
Underfull \hbox (badness 10000) in paragraph at lines 5769--5771

 []

[160]
Underfull \hbox (badness 10000) in paragraph at lines 5771--5773

 []

[161] [162]
Overfull \vbox (1.01271pt too high) detected at line 5876
 []

[163] [164]
Underfull \hbox (badness 1199) in paragraph at lines 5938--5939
[]\T1/lmr/m/n/10 As all pool frac-tions will be es-ti-mated by di-vid-ing by the same term
 []

[165pdfTeX warning (ext4): destination with the same identifier (name{equation.10.2.1}) has been already used, duplicate ignored
<argument> ...shipout:D \box_use:N \l_shipout_box 
                                                  \__shipout_drop_firstpage_...
l.5955 \end{Shaded}
                   pdfTeX warning (ext4): destination with the same identifier (name{equation.10.2.1}) has been already used, duplicate ignored
<argument> ...shipout:D \box_use:N \l_shipout_box 
                                                  \__shipout_drop_firstpage_...
l.5955 \end{Shaded}
                   pdfTeX warning (ext4): destination with the same identifier (name{equation.10.2.1}) has been already used, duplicate ignored
<argument> ...shipout:D \box_use:N \l_shipout_box 
                                                  \__shipout_drop_firstpage_...
l.5955 \end{Shaded}
                   ] [166]
Underfull \vbox (badness 10000) detected at line 6028
 []


Underfull \vbox (badness 10000) detected at line 6028
 []

[167] [168] [169]
Overfull \hbox (5.35497pt too wide) in paragraph at lines 6146--6148
[]\T1/lmr/m/n/10 Finally, we cal-cu-late the ``re-sult'' vari-able us-ing the ``fget_equilibrium_fractions.\
 []

[170] [171] [172]
Overfull \hbox (13.04695pt too wide) in paragraph at lines 6273--6274
[]\T1/lmr/m/n/10 At line 358 we will cal-cu-late the ``re-sult'' ob-ject by us-ing the ``Roth_C_equi_analy''
 []

[173] [174]
Underfull \vbox (badness 10000) detected at line 6380
 []


Underfull \vbox (badness 10000) detected at line 6380
 []

[175] [176] [177] [178]
Underfull \vbox (badness 10000) detected at line 6540
 []


Underfull \vbox (badness 10000) detected at line 6540
 []

[179] [180] [181]
Underfull \vbox (badness 10000) detected at line 6716
 []


Underfull \vbox (badness 10000) detected at line 6716
 []

[182]
Underfull \vbox (badness 10000) detected at line 6716
 []


Underfull \vbox (badness 10000) detected at line 6716
 []

[183] [184] [185] [186] [187]
Underfull \vbox (badness 10000) detected at line 6918
 []


Underfull \vbox (badness 10000) detected at line 6918
 []

[188] [189] [190] [191]
Overfull \vbox (1.67pt too high) detected at line 7621
 []

[192]
Underfull \vbox (badness 10000) detected at line 7621
 []


Underfull \vbox (badness 10000) detected at line 7621
 []

[193]
Underfull \vbox (badness 10000) detected at line 7621
 []


Underfull \vbox (badness 10000) detected at line 7621
 []

[194]
Overfull \vbox (2.22223pt too high) detected at line 7621
 []

[195]
Underfull \vbox (badness 10000) detected at line 7621
 []


Underfull \vbox (badness 10000) detected at line 7621
 []

[196]
Underfull \vbox (badness 10000) detected at line 7621
 []


Underfull \vbox (badness 10000) detected at line 7621
 []

[197]
Underfull \vbox (badness 10000) detected at line 7621
 []


Underfull \vbox (badness 10000) detected at line 7621
 []

[198]
Underfull \vbox (badness 10000) detected at line 7621
 []


Underfull \vbox (badness 10000) detected at line 7621
 []

[199]
Overfull \vbox (1.67pt too high) detected at line 7621
 []

[200]
Overfull \vbox (0.83333pt too high) detected at line 7621
 []

[201]
Underfull \vbox (badness 10000) detected at line 7621
 []


Underfull \vbox (badness 10000) detected at line 7621
 []

[202]
Underfull \vbox (badness 10000) detected at line 7621
 []


Underfull \vbox (badness 10000) detected at line 7621
 []

[203]
Underfull \vbox (badness 10000) detected at line 7621
 []


Underfull \vbox (badness 10000) detected at line 7621
 []

[204]
Underfull \vbox (badness 10000) detected at line 7621
 []


Underfull \vbox (badness 10000) detected at line 7621
 []

[205]
Underfull \vbox (badness 10000) detected at line 7621
 []


Underfull \vbox (badness 10000) detected at line 7621
 []

[206] [207]
Underfull \hbox (badness 10000) in paragraph at lines 7648--7649
[]\T1/lmr/m/n/10 FORWARD_BAU_3E_20YEARS_[code_country].shp (con-tains
 []

[208] [209] [210]
Underfull \vbox (badness 10000) detected at line 7841
 []


Underfull \vbox (badness 10000) detected at line 7841
 []

[211] [212] [213]
Underfull \vbox (badness 10000) detected at line 8126
 []


Underfull \vbox (badness 10000) detected at line 8126
 []

[214]
Underfull \vbox (badness 10000) detected at line 8126
 []


Underfull \vbox (badness 10000) detected at line 8126
 []

[215]
Underfull \vbox (badness 10000) detected at line 8126
 []


Underfull \vbox (badness 10000) detected at line 8126
 []

[216]
Underfull \vbox (badness 10000) detected at line 8126
 []


Underfull \vbox (badness 10000) detected at line 8126
 []

[217]
Underfull \vbox (badness 10000) detected at line 8126
 []


Underfull \vbox (badness 10000) detected at line 8126
 []

[218]
Underfull \vbox (badness 10000) detected at line 8126
 []


Underfull \vbox (badness 10000) detected at line 8126
 []

[219] [220] [221] [222]
Chapter 11.

Underfull \hbox (badness 1515) in paragraph at lines 8222--8236
\T1/lmr/m/it/10 and out-puts. \T1/lmr/m/n/10 * \T1/lmr/bx/n/10 In-put: \T1/lmr/m/n/10 * COUNTRY-POLYGON.shp (ROI) * FOR-
 []

[223

] [224] [225] [226] [227] [228] [229]
Chapter 12.
[230

] [231pdfTeX warning (ext4): destination with the same identifier (name{equation.12.0.1}) has been already used, duplicate ignored
<argument> ...shipout:D \box_use:N \l_shipout_box 
                                                  \__shipout_drop_firstpage_...
l.8516 \end{equation}
                     pdfTeX warning (ext4): destination with the same identifier (name{equation.12.0.1}) has been already used, duplicate ignored
<argument> ...shipout:D \box_use:N \l_shipout_box 
                                                  \__shipout_drop_firstpage_...
l.8516 \end{equation}
                     ]pdfTeX warning (ext4): destination with the same identifier (name{equation.12.0.1}) has been already used, duplicate ignored
<to be read again> 
                   \relax 
l.8521 \begin{equation}
                       pdfTeX warning (ext4): destination with the same identifier (name{equation.12.0.1}) has been already used, duplicate ignored
<to be read again> 
                   \relax 
l.8521 \begin{equation}
                       pdfTeX warning (ext4): destination with the same identifier (name{equation.12.0.1}) has been already used, duplicate ignored
<to be read again> 
                   \relax 
l.8521 \begin{equation}
                       pdfTeX warning (ext4): destination with the same identifier (name{equation.12.0.1}) has been already used, duplicate ignored
<to be read again> 
                   \relax 
l.8521 \begin{equation}
                       pdfTeX warning (ext4): destination with the same identifier (name{equation.12.0.1}) has been already used, duplicate ignored
<to be read again> 
                   \relax 
l.8526 \begin{equation}
                       pdfTeX warning (ext4): destination with the same identifier (name{equation.12.0.1}) has been already used, duplicate ignored
<to be read again> 
                   \relax 
l.8526 \begin{equation}
                       pdfTeX warning (ext4): destination with the same identifier (name{equation.12.0.1}) has been already used, duplicate ignored
<to be read again> 
                   \relax 
l.8526 \begin{equation}
                       pdfTeX warning (ext4): destination with the same identifier (name{equation.12.0.1}) has been already used, duplicate ignored
<to be read again> 
                   \relax 
l.8526 \begin{equation}
                        [232pdfTeX warning (ext4): destination with the same identifier (name{equation.12.0.1}) has been already used, duplicate ignored
<argument> ...shipout:D \box_use:N \l_shipout_box 
                                                  \__shipout_drop_firstpage_...
l.8536 
       ]pdfTeX warning (ext4): destination with the same identifier (name{equation.12.0.1}) has been already used, duplicate ignored
<to be read again> 
                   \relax 
l.8537 \begin{equation}
                       pdfTeX warning (ext4): destination with the same identifier (name{equation.12.0.1}) has been already used, duplicate ignored
<to be read again> 
                   \relax 
l.8537 \begin{equation}
                       pdfTeX warning (ext4): destination with the same identifier (name{equation.12.0.1}) has been already used, duplicate ignored
<to be read again> 
                   \relax 
l.8537 \begin{equation}
                       pdfTeX warning (ext4): destination with the same identifier (name{equation.12.0.1}) has been already used, duplicate ignored
<to be read again> 
                   \relax 
l.8537 \begin{equation}
                        [233]pdfTeX warning (ext4): destination with the same identifier (name{equation.12.0.1}) has been already used, duplicate ignored
<to be read again> 
                   \relax 
l.8564 \begin{equation}
                       pdfTeX warning (ext4): destination with the same identifier (name{equation.12.0.1}) has been already used, duplicate ignored
<to be read again> 
                   \relax 
l.8564 \begin{equation}
                       pdfTeX warning (ext4): destination with the same identifier (name{equation.12.0.1}) has been already used, duplicate ignored
<to be read again> 
                   \relax 
l.8564 \begin{equation}
                       pdfTeX warning (ext4): destination with the same identifier (name{equation.12.0.1}) has been already used, duplicate ignored
<to be read again> 
                   \relax 
l.8564 \begin{equation}
                        [234]
Chapter 13.
[235

]
Underfull \hbox (badness 1158) in paragraph at lines 8605--8607
\T1/lmr/m/n/10 Each coun-try will be re-spon-si-ble for car-ry-ing out ba-sic Qual-ity As-sur-
 []

[236] [237]
Underfull \hbox (badness 2088) in paragraph at lines 8678--8680
[]\T1/lmr/m/n/10 using the maps for iden-ti-fy-ing key ar-eas for gov-ern-men-tal, non-
 []

[238]
Chapter 14.
[239

] [240] [241] [242] [243] [244]
<images/Figure_9.7.png, id=2531, 412.54124pt x 223.58531pt>
File: images/Figure_9.7.png Graphic file (type png)
<use images/Figure_9.7.png>
Package pdftex.def Info: images/Figure_9.7.png  used on input line 8726.
(pdftex.def)             Requested size: 345.00262pt x 186.98134pt.
[245

 <./images/Figure_9.7.png>] [246]
<images/Figure_11.png, id=2546, 385.9218pt x 576.7146pt>
File: images/Figure_11.png Graphic file (type png)
<use images/Figure_11.png>
Package pdftex.def Info: images/Figure_11.png  used on input line 8815.
(pdftex.def)             Requested size: 311.84708pt x 466.01866pt.

LaTeX Warning: Float too large for page by 22.01866pt on input line 8817.

<images/Figure_12.png, id=2547, 534.3162pt x 559.3698pt>
File: images/Figure_12.png Graphic file (type png)
<use images/Figure_12.png>
Package pdftex.def Info: images/Figure_12.png  used on input line 8833.
(pdftex.def)             Requested size: 344.99411pt x 361.17056pt.
[247] [248 <./images/Figure_11.png>] [249 <./images/Figure_12.png>]
<images/Figure_13.png, id=2566, 375.65344pt x 279.29344pt>
File: images/Figure_13.png Graphic file (type png)
<use images/Figure_13.png>
Package pdftex.def Info: images/Figure_13.png  used on input line 8849.
(pdftex.def)             Requested size: 345.02068pt x 256.51839pt.
[250 <./images/Figure_13.png>]
Underfull \vbox (badness 10000) detected at line 9463
 []


Underfull \vbox (badness 10000) detected at line 9463
 []

[251]
Underfull \vbox (badness 10000) detected at line 9463
 []


Underfull \vbox (badness 10000) detected at line 9463
 []

[252]
Overfull \vbox (0.83333pt too high) detected at line 9463
 []

[253]
Underfull \vbox (badness 10000) detected at line 9463
 []


Underfull \vbox (badness 10000) detected at line 9463
 []

[254]
Underfull \vbox (badness 10000) detected at line 9463
 []


Underfull \vbox (badness 10000) detected at line 9463
 []

[255] [256]
Underfull \vbox (badness 10000) detected at line 9463
 []


Underfull \vbox (badness 10000) detected at line 9463
 []

[257]
Underfull \vbox (badness 10000) detected at line 9463
 []


Underfull \vbox (badness 10000) detected at line 9463
 []

[258]
Underfull \vbox (badness 10000) detected at line 9463
 []


Underfull \vbox (badness 10000) detected at line 9463
 []

[259]
Underfull \vbox (badness 10000) detected at line 9463
 []


Underfull \vbox (badness 10000) detected at line 9463
 []

[260]
Underfull \vbox (badness 10000) detected at line 9463
 []


Underfull \vbox (badness 10000) detected at line 9463
 []

[261]
Underfull \vbox (badness 10000) detected at line 9463
 []


Underfull \vbox (badness 10000) detected at line 9463
 []

[262]
Underfull \vbox (badness 10000) detected at line 9463
 []


Underfull \vbox (badness 10000) detected at line 9463
 []

[263]
Underfull \vbox (badness 10000) detected at line 9463
 []


Underfull \vbox (badness 10000) detected at line 9463
 []

[264]
Underfull \vbox (badness 10000) detected at line 9463
 []


Underfull \vbox (badness 10000) detected at line 9463
 []

[265] [266]
Overfull \vbox (2.22223pt too high) detected at line 10117
 []

[267]
Underfull \vbox (badness 10000) detected at line 10117
 []


Underfull \vbox (badness 10000) detected at line 10117
 []

[268]
Overfull \vbox (1.67pt too high) detected at line 10117
 []

[269]
Underfull \vbox (badness 10000) detected at line 10117
 []


Underfull \vbox (badness 10000) detected at line 10117
 []

[270]
Underfull \vbox (badness 10000) detected at line 10117
 []


Underfull \vbox (badness 10000) detected at line 10117
 []

[271]
Underfull \vbox (badness 10000) detected at line 10117
 []


Underfull \vbox (badness 10000) detected at line 10117
 []

[272]
Underfull \vbox (badness 10000) detected at line 10117
 []


Underfull \vbox (badness 10000) detected at line 10117
 []

[273]
Underfull \vbox (badness 10000) detected at line 10117
 []


Underfull \vbox (badness 10000) detected at line 10117
 []

[274]
Underfull \vbox (badness 10000) detected at line 10117
 []


Underfull \vbox (badness 10000) detected at line 10117
 []

[275]
Underfull \vbox (badness 10000) detected at line 10117
 []


Underfull \vbox (badness 10000) detected at line 10117
 []

[276]
Underfull \vbox (badness 10000) detected at line 10117
 []


Underfull \vbox (badness 10000) detected at line 10117
 []

[277]
Underfull \vbox (badness 10000) detected at line 10117
 []


Underfull \vbox (badness 10000) detected at line 10117
 []

[278]
Overfull \vbox (2.22223pt too high) detected at line 10117
 []

[279]
Underfull \vbox (badness 10000) detected at line 10117
 []


Underfull \vbox (badness 10000) detected at line 10117
 []

[280]
Underfull \vbox (badness 10000) detected at line 10117
 []


Underfull \vbox (badness 10000) detected at line 10117
 []

[281]
Underfull \vbox (badness 10000) detected at line 10117
 []


Underfull \vbox (badness 10000) detected at line 10117
 []

[282] [283]
Underfull \vbox (badness 10000) detected at line 10639
 []


Underfull \vbox (badness 10000) detected at line 10639
 []

[284]
Overfull \vbox (2.22223pt too high) detected at line 10639
 []

[285] [286]
Underfull \vbox (badness 10000) detected at line 10639
 []


Underfull \vbox (badness 10000) detected at line 10639
 []

[287]
Underfull \vbox (badness 10000) detected at line 10639
 []


Underfull \vbox (badness 10000) detected at line 10639
 []

[288]
Underfull \vbox (badness 10000) detected at line 10639
 []


Underfull \vbox (badness 10000) detected at line 10639
 []

[289]
Underfull \vbox (badness 10000) detected at line 10639
 []


Underfull \vbox (badness 10000) detected at line 10639
 []

[290]
Overfull \vbox (2.22223pt too high) detected at line 10639
 []

[291]
Underfull \vbox (badness 10000) detected at line 10639
 []


Underfull \vbox (badness 10000) detected at line 10639
 []

[292]
Underfull \vbox (badness 10000) detected at line 10639
 []


Underfull \vbox (badness 10000) detected at line 10639
 []

[293]
Underfull \vbox (badness 10000) detected at line 10639
 []


Underfull \vbox (badness 10000) detected at line 10639
 []

[294]
Underfull \vbox (badness 10000) detected at line 10639
 []


Underfull \vbox (badness 10000) detected at line 10639
 []

[295]
Underfull \vbox (badness 10000) detected at line 10639
 []


Underfull \vbox (badness 10000) detected at line 10639
 []

[296] [297] [298]
<images/Figure_16.png, id=2783, 224.57054pt x 168.79167pt>
File: images/Figure_16.png Graphic file (type png)
<use images/Figure_16.png>
Package pdftex.def Info: images/Figure_16.png  used on input line 10710.
(pdftex.def)             Requested size: 224.57684pt x 168.7964pt.

Underfull \hbox (badness 1259) in paragraph at lines 10720--10721
\T1/lmr/m/n/10 prod-ucts in al-pha-bet-i-cal or-der. Each prod-uct should in-clude the ISO
 []


Underfull \hbox (badness 5954) in paragraph at lines 10720--10721
\T1/lmr/m/n/10 Turkey, ISO_GSOCseq_AbsDiff_BAU_Map030 should be changed to
 []

[299

]
<tables/Table_16.1.PNG, id=2790, 414.348pt x 458.31226pt>
File: tables/Table_16.1.PNG Graphic file (type png)
<use tables/Table_16.1.PNG>
Package pdftex.def Info: tables/Table_16.1.PNG  used on input line 10726.
(pdftex.def)             Requested size: 345.00253pt x 381.6089pt.
[300 <./images/Figure_16.png>] [301 <./tables/Table_16.1.PNG>]
<images/Figure_16.2.png, id=2802, 492.6405pt x 493.845pt>
File: images/Figure_16.2.png Graphic file (type png)
<use images/Figure_16.2.png>
Package pdftex.def Info: images/Figure_16.2.png  used on input line 10750.
(pdftex.def)             Requested size: 345.00386pt x 345.84738pt.
[302] [303 <./images/Figure_16.2.PNG>] [304] [305] [306] [307] [308]
Chapter 15.
No file GSOCseq_TM.bbl.
<images/Retro_TechManual.pdf, id=2872, 597.51233pt x 845.0471pt>
File: images/Retro_TechManual.pdf Graphic file (type pdf)
<use images/Retro_TechManual.pdf>
Package pdftex.def Info: images/Retro_TechManual.pdf  used on input line 11037.
(pdftex.def)             Requested size: 329.49893pt x 466.0023pt.
File: images/Retro_TechManual.pdf Graphic file (type pdf)
<use images/Retro_TechManual.pdf>
Package pdftex.def Info: images/Retro_TechManual.pdf  used on input line 11037.
(pdftex.def)             Requested size: 329.49893pt x 466.0023pt.
<images/Retro_TechManual.pdf, id=2875, page=1, 597.51233pt x 845.0471pt>
File: images/Retro_TechManual.pdf Graphic file (type pdf)
<use images/Retro_TechManual.pdf, page 1>
Package pdftex.def Info: images/Retro_TechManual.pdf , page1 used on input line 11037.
(pdftex.def)             Requested size: 597.51086pt x 845.04504pt.
File: images/Retro_TechManual.pdf Graphic file (type pdf)
<use images/Retro_TechManual.pdf, page 1>
Package pdftex.def Info: images/Retro_TechManual.pdf , page1 used on input line 11037.
(pdftex.def)             Requested size: 501.19579pt x 708.82898pt.
[309

]
File: images/Retro_TechManual.pdf Graphic file (type pdf)
<use images/Retro_TechManual.pdf, page 1>
Package pdftex.def Info: images/Retro_TechManual.pdf , page1 used on input line 11037.
(pdftex.def)             Requested size: 501.19579pt x 708.82898pt.
File: images/Retro_TechManual.pdf Graphic file (type pdf)
<use images/Retro_TechManual.pdf, page 1>
Package pdftex.def Info: images/Retro_TechManual.pdf , page1 used on input line 11037.
(pdftex.def)             Requested size: 501.19579pt x 708.82898pt.
File: images/Retro_TechManual.pdf Graphic file (type pdf)
<use images/Retro_TechManual.pdf, page 1>
Package pdftex.def Info: images/Retro_TechManual.pdf , page1 used on input line 11037.
(pdftex.def)             Requested size: 501.19579pt x 708.82898pt.
[310 <./images/Retro_TechManual.pdf>] (./GSOCseq_TM.aux)
Package rerunfilecheck Info: File `GSOCseq_TM.out' has not changed.
(rerunfilecheck)             Checksum: A30A043F67537E54B80EDA44A0CF692C;30056.
 ) 
Here is how much of TeX's memory you used:
 18493 strings out of 480313
 310474 string characters out of 5895695
 746135 words of memory out of 5000000
 35238 multiletter control sequences out of 15000+600000
 475310 words of font info for 71 fonts, out of 8000000 for 9000
 14 hyphenation exceptions out of 8191
 110i,17n,133p,2079b,527s stack positions out of 5000i,500n,10000p,200000b,80000s
{c:/Users/Mainka/AppData/Roaming/TinyTeX/texmf-dist/fonts/enc/dvips/lm/lm-ts1.enc}{c:/Users/Mainka/AppData/Roaming/TinyTeX/texmf-dist/fonts/enc/dvips/lm/lm-ec.enc}{c:/Users/Mainka/AppData/Roaming/TinyTeX/texmf-dist/fonts/enc/dvips/lm/lm-mathit.enc}{c:/Users/Mainka/AppData/Roaming/TinyTeX/texmf-dist/fonts/enc/dvips/lm/lm-mathex.enc}{c:/Users/Mainka/AppData/Roaming/TinyTeX/texmf-dist/fonts/enc/dvips/lm/lm-mathsy.enc}{c:/Users/Mainka/AppData/Roaming/TinyTeX/texmf-dist/fonts/enc/dvips/lm/lm-rm.enc}<c:/Users/Mainka/AppData/Roaming/TinyTeX/texmf-dist/fonts/type1/public/lm/lmbx10.pfb><c:/Users/Mainka/AppData/Roaming/TinyTeX/texmf-dist/fonts/type1/public/lm/lmbx12.pfb><c:/Users/Mainka/AppData/Roaming/TinyTeX/texmf-dist/fonts/type1/public/lm/lmex10.pfb><c:/Users/Mainka/AppData/Roaming/TinyTeX/texmf-dist/fonts/type1/public/lm/lmmi10.pfb><c:/Users/Mainka/AppData/Roaming/TinyTeX/texmf-dist/fonts/type1/public/lm/lmmi5.pfb><c:/Users/Mainka/AppData/Roaming/TinyTeX/texmf-dist/fonts/type1/public/lm/lmmi7.pfb><c:/Users/Mainka/AppData/Roaming/TinyTeX/texmf-dist/fonts/type1/public/lm/lmr10.pfb><c:/Users/Mainka/AppData/Roaming/TinyTeX/texmf-dist/fonts/type1/public/lm/lmr7.pfb><c:/Users/Mainka/AppData/Roaming/TinyTeX/texmf-dist/fonts/type1/public/lm/lmr8.pfb><c:/Users/Mainka/AppData/Roaming/TinyTeX/texmf-dist/fonts/type1/public/lm/lmri10.pfb><c:/Users/Mainka/AppData/Roaming/TinyTeX/texmf-dist/fonts/type1/public/lm/lmssbo10.pfb><c:/Users/Mainka/AppData/Roaming/TinyTeX/texmf-dist/fonts/type1/public/lm/lmssbx10.pfb><c:/Users/Mainka/AppData/Roaming/TinyTeX/texmf-dist/fonts/type1/public/lm/lmsy10.pfb><c:/Users/Mainka/AppData/Roaming/TinyTeX/texmf-dist/fonts/type1/public/lm/lmsy7.pfb><c:/Users/Mainka/AppData/Roaming/TinyTeX/texmf-dist/fonts/type1/public/lm/lmtk10.pfb><c:/Users/Mainka/AppData/Roaming/TinyTeX/texmf-dist/fonts/type1/public/lm/lmtko10.pfb><c:/Users/Mainka/AppData/Roaming/TinyTeX/texmf-dist/fonts/type1/public/lm/lmtt10.pfb><c:/Users/Mainka/AppData/Roaming/TinyTeX/texmf-dist/fonts/type1/public/lm/lmtti10.pfb>
Output written on GSOCseq_TM.pdf (324 pages, 7705570 bytes).
PDF statistics:
 3581 PDF objects out of 4296 (max. 8388607)
 2815 compressed objects within 29 object streams
 731 named destinations out of 1000 (max. 500000)
 1080 words of extra memory for PDF output out of 10000 (max. 10000000)

